{"E:\\SANDI\\MWATER\\admin\\src\\router.js": {"path":"E:\\SANDI\\MWATER\\admin\\src\\router.js","statementMap":{"0":{"start":{"line":1,"column":13},"end":{"line":1,"column":75}},"1":{"start":{"line":1,"column":88},"end":{"line":1,"column":104}},"2":{"start":{"line":1,"column":119},"end":{"line":1,"column":149}},"3":{"start":{"line":2,"column":17},"end":{"line":2,"column":38}},"4":{"start":{"line":2,"column":57},"end":{"line":2,"column":91}},"5":{"start":{"line":3,"column":14},"end":{"line":3,"column":35}},"6":{"start":{"line":4,"column":11},"end":{"line":4,"column":30}},"7":{"start":{"line":4,"column":43},"end":{"line":4,"column":71}},"8":{"start":{"line":4,"column":110},"end":{"line":4,"column":164}},"9":{"start":{"line":6,"column":20},"end":{"line":10,"column":1}},"10":{"start":{"line":7,"column":2},"end":{"line":9,"column":3}},"11":{"start":{"line":7,"column":41},"end":{"line":7,"column":80}},"12":{"start":{"line":8,"column":4},"end":{"line":8,"column":21}},"13":{"start":{"line":12,"column":14},"end":{"line":228,"column":1}},"14":{"start":{"line":12,"column":52},"end":{"line":12,"column":64}},"15":{"start":{"line":12,"column":71},"end":{"line":12,"column":79}},"16":{"start":{"line":13,"column":15},"end":{"line":221,"column":13}},"17":{"start":{"line":18,"column":6},"end":{"line":21,"column":22}},"18":{"start":{"line":19,"column":8},"end":{"line":19,"column":56}},"19":{"start":{"line":20,"column":8},"end":{"line":20,"column":60}},"20":{"start":{"line":27,"column":8},"end":{"line":30,"column":24}},"21":{"start":{"line":28,"column":10},"end":{"line":28,"column":58}},"22":{"start":{"line":29,"column":10},"end":{"line":29,"column":47}},"23":{"start":{"line":35,"column":8},"end":{"line":38,"column":28}},"24":{"start":{"line":37,"column":10},"end":{"line":37,"column":55}},"25":{"start":{"line":43,"column":8},"end":{"line":46,"column":26}},"26":{"start":{"line":45,"column":10},"end":{"line":45,"column":53}},"27":{"start":{"line":51,"column":8},"end":{"line":54,"column":19}},"28":{"start":{"line":52,"column":10},"end":{"line":52,"column":53}},"29":{"start":{"line":53,"column":10},"end":{"line":53,"column":42}},"30":{"start":{"line":59,"column":8},"end":{"line":62,"column":26}},"31":{"start":{"line":60,"column":10},"end":{"line":60,"column":60}},"32":{"start":{"line":61,"column":10},"end":{"line":61,"column":49}},"33":{"start":{"line":67,"column":8},"end":{"line":69,"column":29}},"34":{"start":{"line":68,"column":10},"end":{"line":68,"column":52}},"35":{"start":{"line":74,"column":8},"end":{"line":76,"column":29}},"36":{"start":{"line":75,"column":10},"end":{"line":75,"column":52}},"37":{"start":{"line":81,"column":8},"end":{"line":83,"column":36}},"38":{"start":{"line":82,"column":10},"end":{"line":82,"column":59}},"39":{"start":{"line":88,"column":8},"end":{"line":90,"column":37}},"40":{"start":{"line":89,"column":10},"end":{"line":89,"column":60}},"41":{"start":{"line":95,"column":8},"end":{"line":97,"column":32}},"42":{"start":{"line":96,"column":10},"end":{"line":96,"column":55}},"43":{"start":{"line":102,"column":8},"end":{"line":104,"column":31}},"44":{"start":{"line":103,"column":10},"end":{"line":103,"column":59}},"45":{"start":{"line":109,"column":8},"end":{"line":111,"column":31}},"46":{"start":{"line":110,"column":10},"end":{"line":110,"column":60}},"47":{"start":{"line":116,"column":8},"end":{"line":119,"column":22}},"48":{"start":{"line":117,"column":10},"end":{"line":117,"column":56}},"49":{"start":{"line":118,"column":10},"end":{"line":118,"column":45}},"50":{"start":{"line":124,"column":8},"end":{"line":127,"column":20}},"51":{"start":{"line":125,"column":10},"end":{"line":125,"column":54}},"52":{"start":{"line":126,"column":10},"end":{"line":126,"column":43}},"53":{"start":{"line":132,"column":8},"end":{"line":135,"column":21}},"54":{"start":{"line":133,"column":10},"end":{"line":133,"column":55}},"55":{"start":{"line":134,"column":10},"end":{"line":134,"column":44}},"56":{"start":{"line":140,"column":8},"end":{"line":142,"column":22}},"57":{"start":{"line":141,"column":10},"end":{"line":141,"column":45}},"58":{"start":{"line":147,"column":8},"end":{"line":149,"column":33}},"59":{"start":{"line":148,"column":10},"end":{"line":148,"column":56}},"60":{"start":{"line":154,"column":8},"end":{"line":156,"column":31}},"61":{"start":{"line":155,"column":10},"end":{"line":155,"column":54}},"62":{"start":{"line":161,"column":8},"end":{"line":163,"column":35}},"63":{"start":{"line":162,"column":10},"end":{"line":162,"column":58}},"64":{"start":{"line":168,"column":8},"end":{"line":170,"column":30}},"65":{"start":{"line":169,"column":10},"end":{"line":169,"column":53}},"66":{"start":{"line":175,"column":8},"end":{"line":177,"column":34}},"67":{"start":{"line":176,"column":10},"end":{"line":176,"column":57}},"68":{"start":{"line":182,"column":8},"end":{"line":184,"column":31}},"69":{"start":{"line":183,"column":10},"end":{"line":183,"column":54}},"70":{"start":{"line":189,"column":8},"end":{"line":191,"column":30}},"71":{"start":{"line":190,"column":10},"end":{"line":190,"column":53}},"72":{"start":{"line":196,"column":8},"end":{"line":198,"column":29}},"73":{"start":{"line":197,"column":10},"end":{"line":197,"column":52}},"74":{"start":{"line":203,"column":8},"end":{"line":205,"column":30}},"75":{"start":{"line":204,"column":10},"end":{"line":204,"column":53}},"76":{"start":{"line":210,"column":8},"end":{"line":213,"column":19}},"77":{"start":{"line":211,"column":10},"end":{"line":211,"column":53}},"78":{"start":{"line":212,"column":10},"end":{"line":212,"column":42}},"79":{"start":{"line":218,"column":8},"end":{"line":220,"column":20}},"80":{"start":{"line":219,"column":10},"end":{"line":219,"column":43}},"81":{"start":{"line":227,"column":2},"end":{"line":227,"column":93}},"82":{"start":{"line":230,"column":0},"end":{"line":232,"column":36}},"83":{"start":{"line":232,"column":36},"end":{"line":235,"column":8}}},"fnMap":{"0":{"name":"_interopRequireDefault","decl":{"start":{"line":4,"column":81},"end":{"line":4,"column":103}},"loc":{"start":{"line":4,"column":109},"end":{"line":4,"column":165}},"line":4},"1":{"name":"registerModel","decl":{"start":{"line":6,"column":29},"end":{"line":6,"column":42}},"loc":{"start":{"line":6,"column":55},"end":{"line":10,"column":1}},"line":6},"2":{"name":"(anonymous_2)","decl":{"start":{"line":7,"column":27},"end":{"line":7,"column":28}},"loc":{"start":{"line":7,"column":40},"end":{"line":7,"column":81}},"line":7},"3":{"name":"Routers","decl":{"start":{"line":12,"column":23},"end":{"line":12,"column":30}},"loc":{"start":{"line":12,"column":37},"end":{"line":228,"column":1}},"line":12},"4":{"name":"getIndexRoute","decl":{"start":{"line":17,"column":28},"end":{"line":17,"column":41}},"loc":{"start":{"line":17,"column":57},"end":{"line":22,"column":5}},"line":17},"5":{"name":"(anonymous_5)","decl":{"start":{"line":18,"column":25},"end":{"line":18,"column":26}},"loc":{"start":{"line":18,"column":44},"end":{"line":21,"column":7}},"line":18},"6":{"name":"getComponent","decl":{"start":{"line":26,"column":29},"end":{"line":26,"column":41}},"loc":{"start":{"line":26,"column":57},"end":{"line":31,"column":7}},"line":26},"7":{"name":"(anonymous_7)","decl":{"start":{"line":27,"column":27},"end":{"line":27,"column":28}},"loc":{"start":{"line":27,"column":46},"end":{"line":30,"column":9}},"line":27},"8":{"name":"getComponent","decl":{"start":{"line":34,"column":29},"end":{"line":34,"column":41}},"loc":{"start":{"line":34,"column":57},"end":{"line":39,"column":7}},"line":34},"9":{"name":"(anonymous_9)","decl":{"start":{"line":35,"column":27},"end":{"line":35,"column":28}},"loc":{"start":{"line":35,"column":46},"end":{"line":38,"column":9}},"line":35},"10":{"name":"getComponent","decl":{"start":{"line":42,"column":29},"end":{"line":42,"column":41}},"loc":{"start":{"line":42,"column":57},"end":{"line":47,"column":7}},"line":42},"11":{"name":"(anonymous_11)","decl":{"start":{"line":43,"column":27},"end":{"line":43,"column":28}},"loc":{"start":{"line":43,"column":46},"end":{"line":46,"column":9}},"line":43},"12":{"name":"getComponent","decl":{"start":{"line":50,"column":29},"end":{"line":50,"column":41}},"loc":{"start":{"line":50,"column":57},"end":{"line":55,"column":7}},"line":50},"13":{"name":"(anonymous_13)","decl":{"start":{"line":51,"column":27},"end":{"line":51,"column":28}},"loc":{"start":{"line":51,"column":46},"end":{"line":54,"column":9}},"line":51},"14":{"name":"getComponent","decl":{"start":{"line":58,"column":29},"end":{"line":58,"column":41}},"loc":{"start":{"line":58,"column":57},"end":{"line":63,"column":7}},"line":58},"15":{"name":"(anonymous_15)","decl":{"start":{"line":59,"column":27},"end":{"line":59,"column":28}},"loc":{"start":{"line":59,"column":46},"end":{"line":62,"column":9}},"line":59},"16":{"name":"getComponent","decl":{"start":{"line":66,"column":29},"end":{"line":66,"column":41}},"loc":{"start":{"line":66,"column":57},"end":{"line":70,"column":7}},"line":66},"17":{"name":"(anonymous_17)","decl":{"start":{"line":67,"column":27},"end":{"line":67,"column":28}},"loc":{"start":{"line":67,"column":46},"end":{"line":69,"column":9}},"line":67},"18":{"name":"getComponent","decl":{"start":{"line":73,"column":29},"end":{"line":73,"column":41}},"loc":{"start":{"line":73,"column":57},"end":{"line":77,"column":7}},"line":73},"19":{"name":"(anonymous_19)","decl":{"start":{"line":74,"column":27},"end":{"line":74,"column":28}},"loc":{"start":{"line":74,"column":46},"end":{"line":76,"column":9}},"line":74},"20":{"name":"getComponent","decl":{"start":{"line":80,"column":29},"end":{"line":80,"column":41}},"loc":{"start":{"line":80,"column":57},"end":{"line":84,"column":7}},"line":80},"21":{"name":"(anonymous_21)","decl":{"start":{"line":81,"column":27},"end":{"line":81,"column":28}},"loc":{"start":{"line":81,"column":46},"end":{"line":83,"column":9}},"line":81},"22":{"name":"getComponent","decl":{"start":{"line":87,"column":29},"end":{"line":87,"column":41}},"loc":{"start":{"line":87,"column":57},"end":{"line":91,"column":7}},"line":87},"23":{"name":"(anonymous_23)","decl":{"start":{"line":88,"column":27},"end":{"line":88,"column":28}},"loc":{"start":{"line":88,"column":46},"end":{"line":90,"column":9}},"line":88},"24":{"name":"getComponent","decl":{"start":{"line":94,"column":29},"end":{"line":94,"column":41}},"loc":{"start":{"line":94,"column":57},"end":{"line":98,"column":7}},"line":94},"25":{"name":"(anonymous_25)","decl":{"start":{"line":95,"column":27},"end":{"line":95,"column":28}},"loc":{"start":{"line":95,"column":46},"end":{"line":97,"column":9}},"line":95},"26":{"name":"getComponent","decl":{"start":{"line":101,"column":29},"end":{"line":101,"column":41}},"loc":{"start":{"line":101,"column":57},"end":{"line":105,"column":7}},"line":101},"27":{"name":"(anonymous_27)","decl":{"start":{"line":102,"column":27},"end":{"line":102,"column":28}},"loc":{"start":{"line":102,"column":46},"end":{"line":104,"column":9}},"line":102},"28":{"name":"getComponent","decl":{"start":{"line":108,"column":29},"end":{"line":108,"column":41}},"loc":{"start":{"line":108,"column":57},"end":{"line":112,"column":7}},"line":108},"29":{"name":"(anonymous_29)","decl":{"start":{"line":109,"column":27},"end":{"line":109,"column":28}},"loc":{"start":{"line":109,"column":46},"end":{"line":111,"column":9}},"line":109},"30":{"name":"getComponent","decl":{"start":{"line":115,"column":29},"end":{"line":115,"column":41}},"loc":{"start":{"line":115,"column":57},"end":{"line":120,"column":7}},"line":115},"31":{"name":"(anonymous_31)","decl":{"start":{"line":116,"column":27},"end":{"line":116,"column":28}},"loc":{"start":{"line":116,"column":46},"end":{"line":119,"column":9}},"line":116},"32":{"name":"getComponent","decl":{"start":{"line":123,"column":29},"end":{"line":123,"column":41}},"loc":{"start":{"line":123,"column":57},"end":{"line":128,"column":7}},"line":123},"33":{"name":"(anonymous_33)","decl":{"start":{"line":124,"column":27},"end":{"line":124,"column":28}},"loc":{"start":{"line":124,"column":46},"end":{"line":127,"column":9}},"line":124},"34":{"name":"getComponent","decl":{"start":{"line":131,"column":29},"end":{"line":131,"column":41}},"loc":{"start":{"line":131,"column":57},"end":{"line":136,"column":7}},"line":131},"35":{"name":"(anonymous_35)","decl":{"start":{"line":132,"column":27},"end":{"line":132,"column":28}},"loc":{"start":{"line":132,"column":46},"end":{"line":135,"column":9}},"line":132},"36":{"name":"getComponent","decl":{"start":{"line":139,"column":29},"end":{"line":139,"column":41}},"loc":{"start":{"line":139,"column":57},"end":{"line":143,"column":7}},"line":139},"37":{"name":"(anonymous_37)","decl":{"start":{"line":140,"column":27},"end":{"line":140,"column":28}},"loc":{"start":{"line":140,"column":46},"end":{"line":142,"column":9}},"line":140},"38":{"name":"getComponent","decl":{"start":{"line":146,"column":29},"end":{"line":146,"column":41}},"loc":{"start":{"line":146,"column":57},"end":{"line":150,"column":7}},"line":146},"39":{"name":"(anonymous_39)","decl":{"start":{"line":147,"column":27},"end":{"line":147,"column":28}},"loc":{"start":{"line":147,"column":46},"end":{"line":149,"column":9}},"line":147},"40":{"name":"getComponent","decl":{"start":{"line":153,"column":29},"end":{"line":153,"column":41}},"loc":{"start":{"line":153,"column":57},"end":{"line":157,"column":7}},"line":153},"41":{"name":"(anonymous_41)","decl":{"start":{"line":154,"column":27},"end":{"line":154,"column":28}},"loc":{"start":{"line":154,"column":46},"end":{"line":156,"column":9}},"line":154},"42":{"name":"getComponent","decl":{"start":{"line":160,"column":29},"end":{"line":160,"column":41}},"loc":{"start":{"line":160,"column":57},"end":{"line":164,"column":7}},"line":160},"43":{"name":"(anonymous_43)","decl":{"start":{"line":161,"column":27},"end":{"line":161,"column":28}},"loc":{"start":{"line":161,"column":46},"end":{"line":163,"column":9}},"line":161},"44":{"name":"getComponent","decl":{"start":{"line":167,"column":29},"end":{"line":167,"column":41}},"loc":{"start":{"line":167,"column":57},"end":{"line":171,"column":7}},"line":167},"45":{"name":"(anonymous_45)","decl":{"start":{"line":168,"column":27},"end":{"line":168,"column":28}},"loc":{"start":{"line":168,"column":46},"end":{"line":170,"column":9}},"line":168},"46":{"name":"getComponent","decl":{"start":{"line":174,"column":29},"end":{"line":174,"column":41}},"loc":{"start":{"line":174,"column":57},"end":{"line":178,"column":7}},"line":174},"47":{"name":"(anonymous_47)","decl":{"start":{"line":175,"column":27},"end":{"line":175,"column":28}},"loc":{"start":{"line":175,"column":46},"end":{"line":177,"column":9}},"line":175},"48":{"name":"getComponent","decl":{"start":{"line":181,"column":29},"end":{"line":181,"column":41}},"loc":{"start":{"line":181,"column":57},"end":{"line":185,"column":7}},"line":181},"49":{"name":"(anonymous_49)","decl":{"start":{"line":182,"column":27},"end":{"line":182,"column":28}},"loc":{"start":{"line":182,"column":46},"end":{"line":184,"column":9}},"line":182},"50":{"name":"getComponent","decl":{"start":{"line":188,"column":29},"end":{"line":188,"column":41}},"loc":{"start":{"line":188,"column":57},"end":{"line":192,"column":7}},"line":188},"51":{"name":"(anonymous_51)","decl":{"start":{"line":189,"column":27},"end":{"line":189,"column":28}},"loc":{"start":{"line":189,"column":46},"end":{"line":191,"column":9}},"line":189},"52":{"name":"getComponent","decl":{"start":{"line":195,"column":29},"end":{"line":195,"column":41}},"loc":{"start":{"line":195,"column":57},"end":{"line":199,"column":7}},"line":195},"53":{"name":"(anonymous_53)","decl":{"start":{"line":196,"column":27},"end":{"line":196,"column":28}},"loc":{"start":{"line":196,"column":46},"end":{"line":198,"column":9}},"line":196},"54":{"name":"getComponent","decl":{"start":{"line":202,"column":29},"end":{"line":202,"column":41}},"loc":{"start":{"line":202,"column":57},"end":{"line":206,"column":7}},"line":202},"55":{"name":"(anonymous_55)","decl":{"start":{"line":203,"column":27},"end":{"line":203,"column":28}},"loc":{"start":{"line":203,"column":46},"end":{"line":205,"column":9}},"line":203},"56":{"name":"getComponent","decl":{"start":{"line":209,"column":29},"end":{"line":209,"column":41}},"loc":{"start":{"line":209,"column":57},"end":{"line":214,"column":7}},"line":209},"57":{"name":"(anonymous_57)","decl":{"start":{"line":210,"column":27},"end":{"line":210,"column":28}},"loc":{"start":{"line":210,"column":46},"end":{"line":213,"column":9}},"line":210},"58":{"name":"getComponent","decl":{"start":{"line":217,"column":29},"end":{"line":217,"column":41}},"loc":{"start":{"line":217,"column":57},"end":{"line":221,"column":7}},"line":217},"59":{"name":"(anonymous_59)","decl":{"start":{"line":218,"column":27},"end":{"line":218,"column":28}},"loc":{"start":{"line":218,"column":46},"end":{"line":220,"column":9}},"line":218}},"branchMap":{"0":{"loc":{"start":{"line":4,"column":117},"end":{"line":4,"column":163}},"type":"cond-expr","locations":[{"start":{"line":4,"column":141},"end":{"line":4,"column":144}},{"start":{"line":4,"column":147},"end":{"line":4,"column":163}}],"line":4},"1":{"loc":{"start":{"line":4,"column":117},"end":{"line":4,"column":138}},"type":"binary-expr","locations":[{"start":{"line":4,"column":117},"end":{"line":4,"column":120}},{"start":{"line":4,"column":124},"end":{"line":4,"column":138}}],"line":4},"2":{"loc":{"start":{"line":7,"column":2},"end":{"line":9,"column":3}},"type":"if","locations":[{"start":{"line":7,"column":2},"end":{"line":9,"column":3}},{"start":{"line":7,"column":2},"end":{"line":9,"column":3}}],"line":7}},"s":{"0":0,"1":0,"2":0,"3":0,"4":0,"5":0,"6":0,"7":0,"8":0,"9":0,"10":0,"11":0,"12":0,"13":0,"14":0,"15":0,"16":0,"17":0,"18":0,"19":0,"20":0,"21":0,"22":0,"23":0,"24":0,"25":0,"26":0,"27":0,"28":0,"29":0,"30":0,"31":0,"32":0,"33":0,"34":0,"35":0,"36":0,"37":0,"38":0,"39":0,"40":0,"41":0,"42":0,"43":0,"44":0,"45":0,"46":0,"47":0,"48":0,"49":0,"50":0,"51":0,"52":0,"53":0,"54":0,"55":0,"56":0,"57":0,"58":0,"59":0,"60":0,"61":0,"62":0,"63":0,"64":0,"65":0,"66":0,"67":0,"68":0,"69":0,"70":0,"71":0,"72":0,"73":0,"74":0,"75":0,"76":0,"77":0,"78":0,"79":0,"80":0,"81":0,"82":0,"83":0},"f":{"0":0,"1":0,"2":0,"3":0,"4":0,"5":0,"6":0,"7":0,"8":0,"9":0,"10":0,"11":0,"12":0,"13":0,"14":0,"15":0,"16":0,"17":0,"18":0,"19":0,"20":0,"21":0,"22":0,"23":0,"24":0,"25":0,"26":0,"27":0,"28":0,"29":0,"30":0,"31":0,"32":0,"33":0,"34":0,"35":0,"36":0,"37":0,"38":0,"39":0,"40":0,"41":0,"42":0,"43":0,"44":0,"45":0,"46":0,"47":0,"48":0,"49":0,"50":0,"51":0,"52":0,"53":0,"54":0,"55":0,"56":0,"57":0,"58":0,"59":0},"b":{"0":[0,0],"1":[0,0],"2":[0,0]}}
,"E:\\SANDI\\MWATER\\admin\\src\\components\\index.js": {"path":"E:\\SANDI\\MWATER\\admin\\src\\components\\index.js","statementMap":{"0":{"start":{"line":1,"column":13},"end":{"line":1,"column":75}},"1":{"start":{"line":1,"column":75},"end":{"line":1,"column":250}},"2":{"start":{"line":1,"column":267},"end":{"line":1,"column":289}},"3":{"start":{"line":1,"column":308},"end":{"line":1,"column":342}},"4":{"start":{"line":2,"column":18},"end":{"line":2,"column":41}},"5":{"start":{"line":2,"column":61},"end":{"line":2,"column":96}},"6":{"start":{"line":3,"column":16},"end":{"line":3,"column":37}},"7":{"start":{"line":3,"column":55},"end":{"line":3,"column":88}},"8":{"start":{"line":4,"column":14},"end":{"line":4,"column":33}},"9":{"start":{"line":4,"column":49},"end":{"line":4,"column":80}},"10":{"start":{"line":5,"column":14},"end":{"line":5,"column":33}},"11":{"start":{"line":5,"column":49},"end":{"line":5,"column":80}},"12":{"start":{"line":6,"column":18},"end":{"line":6,"column":41}},"13":{"start":{"line":6,"column":61},"end":{"line":6,"column":96}},"14":{"start":{"line":7,"column":14},"end":{"line":7,"column":33}},"15":{"start":{"line":7,"column":49},"end":{"line":7,"column":80}},"16":{"start":{"line":8,"column":13},"end":{"line":8,"column":41}},"17":{"start":{"line":8,"column":55},"end":{"line":8,"column":86}},"18":{"start":{"line":10,"column":13},"end":{"line":10,"column":31}},"19":{"start":{"line":10,"column":46},"end":{"line":10,"column":76}},"20":{"start":{"line":10,"column":116},"end":{"line":10,"column":332}},"21":{"start":{"line":10,"column":144},"end":{"line":10,"column":155}},"22":{"start":{"line":10,"column":176},"end":{"line":10,"column":178}},"23":{"start":{"line":10,"column":179},"end":{"line":10,"column":296}},"24":{"start":{"line":10,"column":197},"end":{"line":10,"column":295}},"25":{"start":{"line":10,"column":219},"end":{"line":10,"column":294}},"26":{"start":{"line":10,"column":271},"end":{"line":10,"column":294}},"27":{"start":{"line":10,"column":296},"end":{"line":10,"column":317}},"28":{"start":{"line":10,"column":317},"end":{"line":10,"column":331}},"29":{"start":{"line":10,"column":371},"end":{"line":10,"column":425}},"30":{"start":{"line":10,"column":426},"end":{"line":13,"column":16}},"31":{"start":{"line":13,"column":16},"end":{"line":14,"column":32}},"32":{"start":{"line":14,"column":32},"end":{"line":15,"column":34}},"33":{"start":{"line":15,"column":34},"end":{"line":16,"column":30}},"34":{"start":{"line":16,"column":30},"end":{"line":17,"column":26}},"35":{"start":{"line":17,"column":26},"end":{"line":18,"column":26}},"36":{"start":{"line":18,"column":26},"end":{"line":19,"column":34}},"37":{"start":{"line":19,"column":34},"end":{"line":20,"column":26}},"38":{"start":{"line":20,"column":26},"end":{"line":21,"column":24}}},"fnMap":{"0":{"name":"_interopRequireWildcard","decl":{"start":{"line":10,"column":86},"end":{"line":10,"column":109}},"loc":{"start":{"line":10,"column":115},"end":{"line":10,"column":333}},"line":10},"1":{"name":"_interopRequireDefault","decl":{"start":{"line":10,"column":342},"end":{"line":10,"column":364}},"loc":{"start":{"line":10,"column":370},"end":{"line":10,"column":426}},"line":10}},"branchMap":{"0":{"loc":{"start":{"line":10,"column":116},"end":{"line":10,"column":332}},"type":"if","locations":[{"start":{"line":10,"column":116},"end":{"line":10,"column":332}},{"start":{"line":10,"column":116},"end":{"line":10,"column":332}}],"line":10},"1":{"loc":{"start":{"line":10,"column":120},"end":{"line":10,"column":141}},"type":"binary-expr","locations":[{"start":{"line":10,"column":120},"end":{"line":10,"column":123}},{"start":{"line":10,"column":127},"end":{"line":10,"column":141}}],"line":10},"2":{"loc":{"start":{"line":10,"column":179},"end":{"line":10,"column":296}},"type":"if","locations":[{"start":{"line":10,"column":179},"end":{"line":10,"column":296}},{"start":{"line":10,"column":179},"end":{"line":10,"column":296}}],"line":10},"3":{"loc":{"start":{"line":10,"column":219},"end":{"line":10,"column":294}},"type":"if","locations":[{"start":{"line":10,"column":219},"end":{"line":10,"column":294}},{"start":{"line":10,"column":219},"end":{"line":10,"column":294}}],"line":10},"4":{"loc":{"start":{"line":10,"column":378},"end":{"line":10,"column":424}},"type":"cond-expr","locations":[{"start":{"line":10,"column":402},"end":{"line":10,"column":405}},{"start":{"line":10,"column":408},"end":{"line":10,"column":424}}],"line":10},"5":{"loc":{"start":{"line":10,"column":378},"end":{"line":10,"column":399}},"type":"binary-expr","locations":[{"start":{"line":10,"column":378},"end":{"line":10,"column":381}},{"start":{"line":10,"column":385},"end":{"line":10,"column":399}}],"line":10}},"s":{"0":0,"1":0,"2":0,"3":0,"4":0,"5":0,"6":0,"7":0,"8":0,"9":0,"10":0,"11":0,"12":0,"13":0,"14":0,"15":0,"16":0,"17":0,"18":0,"19":0,"20":0,"21":0,"22":0,"23":0,"24":0,"25":0,"26":0,"27":0,"28":0,"29":0,"30":0,"31":0,"32":0,"33":0,"34":0,"35":0,"36":0,"37":0,"38":0},"f":{"0":0,"1":0},"b":{"0":[0,0],"1":[0,0],"2":[0,0],"3":[0,0],"4":[0,0],"5":[0,0]}}
,"E:\\SANDI\\MWATER\\admin\\src\\components\\DataTable\\AnimTableBody.js": {"path":"E:\\SANDI\\MWATER\\admin\\src\\components\\DataTable\\AnimTableBody.js","statementMap":{"0":{"start":{"line":1,"column":13},"end":{"line":1,"column":75}},"1":{"start":{"line":1,"column":88},"end":{"line":1,"column":104}},"2":{"start":{"line":1,"column":119},"end":{"line":1,"column":149}},"3":{"start":{"line":2,"column":17},"end":{"line":2,"column":38}},"4":{"start":{"line":2,"column":57},"end":{"line":2,"column":91}},"5":{"start":{"line":3,"column":18},"end":{"line":3,"column":41}},"6":{"start":{"line":3,"column":80},"end":{"line":3,"column":134}},"7":{"start":{"line":5,"column":16},"end":{"line":27,"column":28}},"8":{"start":{"line":18,"column":4},"end":{"line":18,"column":35}},"9":{"start":{"line":31,"column":16},"end":{"line":39,"column":24}},"10":{"start":{"line":43,"column":20},"end":{"line":59,"column":1}},"11":{"start":{"line":43,"column":61},"end":{"line":43,"column":70}},"12":{"start":{"line":43,"column":83},"end":{"line":43,"column":92}},"13":{"start":{"line":43,"column":100},"end":{"line":43,"column":139}},"14":{"start":{"line":43,"column":150},"end":{"line":43,"column":162}},"15":{"start":{"line":44,"column":2},"end":{"line":46,"column":3}},"16":{"start":{"line":45,"column":4},"end":{"line":45,"column":16}},"17":{"start":{"line":48,"column":2},"end":{"line":56,"column":28}},"18":{"start":{"line":61,"column":0},"end":{"line":64,"column":51}},"19":{"start":{"line":64,"column":51},"end":{"line":67,"column":14}}},"fnMap":{"0":{"name":"_interopRequireDefault","decl":{"start":{"line":3,"column":51},"end":{"line":3,"column":73}},"loc":{"start":{"line":3,"column":79},"end":{"line":3,"column":135}},"line":3},"1":{"name":"onComplete","decl":{"start":{"line":17,"column":23},"end":{"line":17,"column":33}},"loc":{"start":{"line":17,"column":37},"end":{"line":19,"column":3}},"line":17},"2":{"name":"AnimTableBody","decl":{"start":{"line":43,"column":29},"end":{"line":43,"column":42}},"loc":{"start":{"line":43,"column":49},"end":{"line":59,"column":1}},"line":43}},"branchMap":{"0":{"loc":{"start":{"line":3,"column":87},"end":{"line":3,"column":133}},"type":"cond-expr","locations":[{"start":{"line":3,"column":111},"end":{"line":3,"column":114}},{"start":{"line":3,"column":117},"end":{"line":3,"column":133}}],"line":3},"1":{"loc":{"start":{"line":3,"column":87},"end":{"line":3,"column":108}},"type":"binary-expr","locations":[{"start":{"line":3,"column":87},"end":{"line":3,"column":90}},{"start":{"line":3,"column":94},"end":{"line":3,"column":108}}],"line":3},"2":{"loc":{"start":{"line":43,"column":100},"end":{"line":43,"column":139}},"type":"cond-expr","locations":[{"start":{"line":43,"column":126},"end":{"line":43,"column":127}},{"start":{"line":43,"column":130},"end":{"line":43,"column":139}}],"line":43},"3":{"loc":{"start":{"line":44,"column":2},"end":{"line":46,"column":3}},"type":"if","locations":[{"start":{"line":44,"column":2},"end":{"line":46,"column":3}},{"start":{"line":44,"column":2},"end":{"line":46,"column":3}}],"line":44}},"s":{"0":0,"1":0,"2":0,"3":0,"4":0,"5":0,"6":0,"7":0,"8":0,"9":0,"10":0,"11":0,"12":0,"13":0,"14":0,"15":0,"16":0,"17":0,"18":0,"19":0},"f":{"0":0,"1":0,"2":0},"b":{"0":[0,0],"1":[0,0],"2":[0,0],"3":[0,0]}}
,"E:\\SANDI\\MWATER\\admin\\src\\components\\Editor\\Editor.js": {"path":"E:\\SANDI\\MWATER\\admin\\src\\components\\Editor\\Editor.js","statementMap":{"0":{"start":{"line":1,"column":13},"end":{"line":1,"column":75}},"1":{"start":{"line":1,"column":90},"end":{"line":1,"column":321}},"2":{"start":{"line":1,"column":126},"end":{"line":1,"column":306}},"3":{"start":{"line":1,"column":183},"end":{"line":1,"column":195}},"4":{"start":{"line":1,"column":196},"end":{"line":1,"column":305}},"5":{"start":{"line":1,"column":221},"end":{"line":1,"column":304}},"6":{"start":{"line":1,"column":277},"end":{"line":1,"column":303}},"7":{"start":{"line":1,"column":306},"end":{"line":1,"column":320}},"8":{"start":{"line":1,"column":335},"end":{"line":1,"column":351}},"9":{"start":{"line":1,"column":366},"end":{"line":1,"column":396}},"10":{"start":{"line":2,"column":25},"end":{"line":2,"column":55}},"11":{"start":{"line":3,"column":0},"end":{"line":3,"column":60}},"12":{"start":{"line":4,"column":14},"end":{"line":4,"column":38}},"13":{"start":{"line":4,"column":54},"end":{"line":4,"column":85}},"14":{"start":{"line":4,"column":124},"end":{"line":4,"column":178}},"15":{"start":{"line":7,"column":18},"end":{"line":9,"column":1}},"16":{"start":{"line":8,"column":2},"end":{"line":8,"column":217}},"17":{"start":{"line":9,"column":2},"end":{"line":11,"column":12}}},"fnMap":{"0":{"name":"(anonymous_0)","decl":{"start":{"line":1,"column":107},"end":{"line":1,"column":108}},"loc":{"start":{"line":1,"column":125},"end":{"line":1,"column":321}},"line":1},"1":{"name":"_interopRequireDefault","decl":{"start":{"line":4,"column":95},"end":{"line":4,"column":117}},"loc":{"start":{"line":4,"column":123},"end":{"line":4,"column":179}},"line":4},"2":{"name":"DraftEditor","decl":{"start":{"line":7,"column":27},"end":{"line":7,"column":38}},"loc":{"start":{"line":7,"column":46},"end":{"line":9,"column":1}},"line":7}},"branchMap":{"0":{"loc":{"start":{"line":1,"column":90},"end":{"line":1,"column":321}},"type":"binary-expr","locations":[{"start":{"line":1,"column":90},"end":{"line":1,"column":103}},{"start":{"line":1,"column":107},"end":{"line":1,"column":321}}],"line":1},"1":{"loc":{"start":{"line":1,"column":221},"end":{"line":1,"column":304}},"type":"if","locations":[{"start":{"line":1,"column":221},"end":{"line":1,"column":304}},{"start":{"line":1,"column":221},"end":{"line":1,"column":304}}],"line":1},"2":{"loc":{"start":{"line":4,"column":131},"end":{"line":4,"column":177}},"type":"cond-expr","locations":[{"start":{"line":4,"column":155},"end":{"line":4,"column":158}},{"start":{"line":4,"column":161},"end":{"line":4,"column":177}}],"line":4},"3":{"loc":{"start":{"line":4,"column":131},"end":{"line":4,"column":152}},"type":"binary-expr","locations":[{"start":{"line":4,"column":131},"end":{"line":4,"column":134}},{"start":{"line":4,"column":138},"end":{"line":4,"column":152}}],"line":4}},"s":{"0":0,"1":0,"2":0,"3":0,"4":0,"5":0,"6":0,"7":0,"8":0,"9":0,"10":0,"11":0,"12":0,"13":0,"14":0,"15":0,"16":0,"17":0},"f":{"0":0,"1":0,"2":0},"b":{"0":[0,0],"1":[0,0],"2":[0,0],"3":[0,0]}}
,"E:\\SANDI\\MWATER\\admin\\src\\components\\FilterItem\\FilterItem.js": {"path":"E:\\SANDI\\MWATER\\admin\\src\\components\\FilterItem\\FilterItem.js","statementMap":{"0":{"start":{"line":1,"column":13},"end":{"line":1,"column":75}},"1":{"start":{"line":1,"column":88},"end":{"line":1,"column":104}},"2":{"start":{"line":1,"column":119},"end":{"line":1,"column":149}},"3":{"start":{"line":2,"column":17},"end":{"line":2,"column":38}},"4":{"start":{"line":2,"column":57},"end":{"line":2,"column":91}},"5":{"start":{"line":3,"column":18},"end":{"line":3,"column":46}},"6":{"start":{"line":3,"column":66},"end":{"line":3,"column":101}},"7":{"start":{"line":3,"column":140},"end":{"line":3,"column":194}},"8":{"start":{"line":5,"column":17},"end":{"line":22,"column":1}},"9":{"start":{"line":8,"column":18},"end":{"line":8,"column":28}},"10":{"start":{"line":8,"column":37},"end":{"line":8,"column":79}},"11":{"start":{"line":8,"column":91},"end":{"line":8,"column":104}},"12":{"start":{"line":9,"column":19},"end":{"line":9,"column":34}},"13":{"start":{"line":10,"column":2},"end":{"line":18,"column":20}},"14":{"start":{"line":14,"column":47},"end":{"line":14,"column":138}},"15":{"start":{"line":24,"column":0},"end":{"line":26,"column":53}},"16":{"start":{"line":26,"column":53},"end":{"line":29,"column":11}}},"fnMap":{"0":{"name":"_interopRequireDefault","decl":{"start":{"line":3,"column":111},"end":{"line":3,"column":133}},"loc":{"start":{"line":3,"column":139},"end":{"line":3,"column":195}},"line":3},"1":{"name":"FilterItem","decl":{"start":{"line":5,"column":26},"end":{"line":5,"column":36}},"loc":{"start":{"line":8,"column":0},"end":{"line":22,"column":1}},"line":8},"2":{"name":"(anonymous_2)","decl":{"start":{"line":14,"column":23},"end":{"line":14,"column":24}},"loc":{"start":{"line":14,"column":46},"end":{"line":14,"column":139}},"line":14}},"branchMap":{"0":{"loc":{"start":{"line":3,"column":147},"end":{"line":3,"column":193}},"type":"cond-expr","locations":[{"start":{"line":3,"column":171},"end":{"line":3,"column":174}},{"start":{"line":3,"column":177},"end":{"line":3,"column":193}}],"line":3},"1":{"loc":{"start":{"line":3,"column":147},"end":{"line":3,"column":168}},"type":"binary-expr","locations":[{"start":{"line":3,"column":147},"end":{"line":3,"column":150}},{"start":{"line":3,"column":154},"end":{"line":3,"column":168}}],"line":3},"2":{"loc":{"start":{"line":8,"column":37},"end":{"line":8,"column":79}},"type":"cond-expr","locations":[{"start":{"line":8,"column":64},"end":{"line":8,"column":66}},{"start":{"line":8,"column":69},"end":{"line":8,"column":79}}],"line":8},"3":{"loc":{"start":{"line":12,"column":6},"end":{"line":16,"column":8}},"type":"cond-expr","locations":[{"start":{"line":13,"column":6},"end":{"line":14,"column":141}},{"start":{"line":16,"column":6},"end":{"line":16,"column":8}}],"line":12}},"s":{"0":0,"1":0,"2":0,"3":0,"4":0,"5":0,"6":0,"7":0,"8":0,"9":0,"10":0,"11":0,"12":0,"13":0,"14":0,"15":0,"16":0},"f":{"0":0,"1":0,"2":0},"b":{"0":[0,0],"1":[0,0],"2":[0,0],"3":[0,0]}}
,"E:\\SANDI\\MWATER\\admin\\src\\components\\Iconfont\\Iconfont.js": {"path":"E:\\SANDI\\MWATER\\admin\\src\\components\\Iconfont\\Iconfont.js","statementMap":{"0":{"start":{"line":1,"column":13},"end":{"line":1,"column":75}},"1":{"start":{"line":1,"column":88},"end":{"line":1,"column":104}},"2":{"start":{"line":1,"column":119},"end":{"line":1,"column":149}},"3":{"start":{"line":2,"column":17},"end":{"line":2,"column":38}},"4":{"start":{"line":2,"column":57},"end":{"line":2,"column":91}},"5":{"start":{"line":3,"column":0},"end":{"line":3,"column":27}},"6":{"start":{"line":3,"column":65},"end":{"line":3,"column":119}},"7":{"start":{"line":5,"column":15},"end":{"line":14,"column":1}},"8":{"start":{"line":5,"column":51},"end":{"line":5,"column":60}},"9":{"start":{"line":5,"column":72},"end":{"line":5,"column":85}},"10":{"start":{"line":6,"column":2},"end":{"line":12,"column":3}},"11":{"start":{"line":7,"column":4},"end":{"line":9,"column":163}},"12":{"start":{"line":13,"column":2},"end":{"line":13,"column":85}},"13":{"start":{"line":16,"column":0},"end":{"line":18,"column":39}},"14":{"start":{"line":18,"column":39},"end":{"line":21,"column":9}}},"fnMap":{"0":{"name":"_interopRequireDefault","decl":{"start":{"line":3,"column":36},"end":{"line":3,"column":58}},"loc":{"start":{"line":3,"column":64},"end":{"line":3,"column":120}},"line":3},"1":{"name":"Iconfont","decl":{"start":{"line":5,"column":24},"end":{"line":5,"column":32}},"loc":{"start":{"line":5,"column":39},"end":{"line":14,"column":1}},"line":5}},"branchMap":{"0":{"loc":{"start":{"line":3,"column":72},"end":{"line":3,"column":118}},"type":"cond-expr","locations":[{"start":{"line":3,"column":96},"end":{"line":3,"column":99}},{"start":{"line":3,"column":102},"end":{"line":3,"column":118}}],"line":3},"1":{"loc":{"start":{"line":3,"column":72},"end":{"line":3,"column":93}},"type":"binary-expr","locations":[{"start":{"line":3,"column":72},"end":{"line":3,"column":75}},{"start":{"line":3,"column":79},"end":{"line":3,"column":93}}],"line":3},"2":{"loc":{"start":{"line":6,"column":2},"end":{"line":12,"column":3}},"type":"if","locations":[{"start":{"line":6,"column":2},"end":{"line":12,"column":3}},{"start":{"line":6,"column":2},"end":{"line":12,"column":3}}],"line":6},"3":{"loc":{"start":{"line":9,"column":86},"end":{"line":9,"column":137}},"type":"cond-expr","locations":[{"start":{"line":9,"column":109},"end":{"line":9,"column":130}},{"start":{"line":9,"column":133},"end":{"line":9,"column":137}}],"line":9}},"s":{"0":0,"1":0,"2":0,"3":0,"4":0,"5":0,"6":0,"7":0,"8":0,"9":0,"10":0,"11":0,"12":0,"13":0,"14":0},"f":{"0":0,"1":0},"b":{"0":[0,0],"1":[0,0],"2":[0,0],"3":[0,0]}}
,"E:\\SANDI\\MWATER\\admin\\src\\components\\Layout\\Bread.js": {"path":"E:\\SANDI\\MWATER\\admin\\src\\components\\Layout\\Bread.js","statementMap":{"0":{"start":{"line":1,"column":13},"end":{"line":1,"column":75}},"1":{"start":{"line":2,"column":13},"end":{"line":2,"column":29}},"2":{"start":{"line":2,"column":44},"end":{"line":2,"column":74}},"3":{"start":{"line":3,"column":17},"end":{"line":3,"column":38}},"4":{"start":{"line":3,"column":57},"end":{"line":3,"column":91}},"5":{"start":{"line":4,"column":12},"end":{"line":4,"column":27}},"6":{"start":{"line":5,"column":14},"end":{"line":5,"column":35}},"7":{"start":{"line":6,"column":20},"end":{"line":6,"column":45}},"8":{"start":{"line":6,"column":67},"end":{"line":6,"column":104}},"9":{"start":{"line":7,"column":13},"end":{"line":7,"column":29}},"10":{"start":{"line":8,"column":13},"end":{"line":8,"column":36}},"11":{"start":{"line":8,"column":51},"end":{"line":8,"column":81}},"12":{"start":{"line":8,"column":120},"end":{"line":8,"column":174}},"13":{"start":{"line":10,"column":12},"end":{"line":67,"column":1}},"14":{"start":{"line":10,"column":45},"end":{"line":10,"column":54}},"15":{"start":{"line":12,"column":18},"end":{"line":12,"column":20}},"16":{"start":{"line":13,"column":16},"end":{"line":13,"column":22}},"17":{"start":{"line":14,"column":2},"end":{"line":19,"column":3}},"18":{"start":{"line":15,"column":4},"end":{"line":18,"column":5}},"19":{"start":{"line":16,"column":6},"end":{"line":16,"column":28}},"20":{"start":{"line":17,"column":6},"end":{"line":17,"column":12}},"21":{"start":{"line":21,"column":21},"end":{"line":26,"column":3}},"22":{"start":{"line":22,"column":4},"end":{"line":22,"column":28}},"23":{"start":{"line":23,"column":4},"end":{"line":25,"column":5}},"24":{"start":{"line":24,"column":6},"end":{"line":24,"column":66}},"25":{"start":{"line":28,"column":2},"end":{"line":40,"column":3}},"26":{"start":{"line":29,"column":4},"end":{"line":32,"column":27}},"27":{"start":{"line":34,"column":4},"end":{"line":36,"column":27}},"28":{"start":{"line":39,"column":4},"end":{"line":39,"column":26}},"29":{"start":{"line":43,"column":15},"end":{"line":58,"column":4}},"30":{"start":{"line":45,"column":4},"end":{"line":47,"column":20}},"31":{"start":{"line":49,"column":4},"end":{"line":55,"column":18}},"32":{"start":{"line":60,"column":2},"end":{"line":63,"column":18}},"33":{"start":{"line":69,"column":0},"end":{"line":70,"column":36}},"34":{"start":{"line":70,"column":36},"end":{"line":73,"column":6}}},"fnMap":{"0":{"name":"_interopRequireDefault","decl":{"start":{"line":8,"column":91},"end":{"line":8,"column":113}},"loc":{"start":{"line":8,"column":119},"end":{"line":8,"column":175}},"line":8},"1":{"name":"Bread","decl":{"start":{"line":10,"column":21},"end":{"line":10,"column":26}},"loc":{"start":{"line":10,"column":33},"end":{"line":67,"column":1}},"line":10},"2":{"name":"getPathArray","decl":{"start":{"line":21,"column":30},"end":{"line":21,"column":42}},"loc":{"start":{"line":21,"column":49},"end":{"line":26,"column":3}},"line":21},"3":{"name":"(anonymous_3)","decl":{"start":{"line":43,"column":29},"end":{"line":43,"column":30}},"loc":{"start":{"line":43,"column":50},"end":{"line":58,"column":3}},"line":43}},"branchMap":{"0":{"loc":{"start":{"line":8,"column":127},"end":{"line":8,"column":173}},"type":"cond-expr","locations":[{"start":{"line":8,"column":151},"end":{"line":8,"column":154}},{"start":{"line":8,"column":157},"end":{"line":8,"column":173}}],"line":8},"1":{"loc":{"start":{"line":8,"column":127},"end":{"line":8,"column":148}},"type":"binary-expr","locations":[{"start":{"line":8,"column":127},"end":{"line":8,"column":130}},{"start":{"line":8,"column":134},"end":{"line":8,"column":148}}],"line":8},"2":{"loc":{"start":{"line":15,"column":4},"end":{"line":18,"column":5}},"type":"if","locations":[{"start":{"line":15,"column":4},"end":{"line":18,"column":5}},{"start":{"line":15,"column":4},"end":{"line":18,"column":5}}],"line":15},"3":{"loc":{"start":{"line":15,"column":8},"end":{"line":15,"column":99}},"type":"binary-expr","locations":[{"start":{"line":15,"column":8},"end":{"line":15,"column":25}},{"start":{"line":15,"column":29},"end":{"line":15,"column":99}}],"line":15},"4":{"loc":{"start":{"line":23,"column":4},"end":{"line":25,"column":5}},"type":"if","locations":[{"start":{"line":23,"column":4},"end":{"line":25,"column":5}},{"start":{"line":23,"column":4},"end":{"line":25,"column":5}}],"line":23},"5":{"loc":{"start":{"line":28,"column":2},"end":{"line":40,"column":3}},"type":"if","locations":[{"start":{"line":28,"column":2},"end":{"line":40,"column":3}},{"start":{"line":28,"column":2},"end":{"line":40,"column":3}}],"line":28},"6":{"loc":{"start":{"line":29,"column":19},"end":{"line":32,"column":25}},"type":"binary-expr","locations":[{"start":{"line":29,"column":19},"end":{"line":29,"column":26}},{"start":{"line":29,"column":30},"end":{"line":32,"column":25}}],"line":29},"7":{"loc":{"start":{"line":45,"column":48},"end":{"line":47,"column":8}},"type":"cond-expr","locations":[{"start":{"line":46,"column":6},"end":{"line":46,"column":95}},{"start":{"line":47,"column":6},"end":{"line":47,"column":8}}],"line":45},"8":{"loc":{"start":{"line":51,"column":8},"end":{"line":55,"column":15}},"type":"cond-expr","locations":[{"start":{"line":52,"column":8},"end":{"line":53,"column":18}},{"start":{"line":55,"column":8},"end":{"line":55,"column":15}}],"line":51}},"s":{"0":0,"1":0,"2":0,"3":0,"4":0,"5":0,"6":0,"7":0,"8":0,"9":0,"10":0,"11":0,"12":0,"13":0,"14":0,"15":0,"16":0,"17":0,"18":0,"19":0,"20":0,"21":0,"22":0,"23":0,"24":0,"25":0,"26":0,"27":0,"28":0,"29":0,"30":0,"31":0,"32":0,"33":0,"34":0},"f":{"0":0,"1":0,"2":0,"3":0},"b":{"0":[0,0],"1":[0,0],"2":[0,0],"3":[0,0],"4":[0,0],"5":[0,0],"6":[0,0],"7":[0,0],"8":[0,0]}}
,"E:\\SANDI\\MWATER\\admin\\src\\components\\Layout\\Footer.js": {"path":"E:\\SANDI\\MWATER\\admin\\src\\components\\Layout\\Footer.js","statementMap":{"0":{"start":{"line":1,"column":13},"end":{"line":1,"column":75}},"1":{"start":{"line":1,"column":88},"end":{"line":1,"column":104}},"2":{"start":{"line":1,"column":119},"end":{"line":1,"column":149}},"3":{"start":{"line":2,"column":13},"end":{"line":2,"column":29}},"4":{"start":{"line":3,"column":14},"end":{"line":3,"column":38}},"5":{"start":{"line":3,"column":54},"end":{"line":3,"column":85}},"6":{"start":{"line":3,"column":124},"end":{"line":3,"column":178}},"7":{"start":{"line":5,"column":13},"end":{"line":6,"column":31}},"8":{"start":{"line":5,"column":32},"end":{"line":6,"column":30}},"9":{"start":{"line":6,"column":32},"end":{"line":9,"column":7}}},"fnMap":{"0":{"name":"_interopRequireDefault","decl":{"start":{"line":3,"column":95},"end":{"line":3,"column":117}},"loc":{"start":{"line":3,"column":123},"end":{"line":3,"column":179}},"line":3},"1":{"name":"Footer","decl":{"start":{"line":5,"column":22},"end":{"line":5,"column":28}},"loc":{"start":{"line":5,"column":31},"end":{"line":6,"column":31}},"line":5}},"branchMap":{"0":{"loc":{"start":{"line":3,"column":131},"end":{"line":3,"column":177}},"type":"cond-expr","locations":[{"start":{"line":3,"column":155},"end":{"line":3,"column":158}},{"start":{"line":3,"column":161},"end":{"line":3,"column":177}}],"line":3},"1":{"loc":{"start":{"line":3,"column":131},"end":{"line":3,"column":152}},"type":"binary-expr","locations":[{"start":{"line":3,"column":131},"end":{"line":3,"column":134}},{"start":{"line":3,"column":138},"end":{"line":3,"column":152}}],"line":3}},"s":{"0":0,"1":0,"2":0,"3":0,"4":0,"5":0,"6":0,"7":0,"8":0,"9":0},"f":{"0":0,"1":0},"b":{"0":[0,0],"1":[0,0]}}
,"E:\\SANDI\\MWATER\\admin\\src\\components\\Layout\\Header.js": {"path":"E:\\SANDI\\MWATER\\admin\\src\\components\\Layout\\Header.js","statementMap":{"0":{"start":{"line":1,"column":13},"end":{"line":1,"column":75}},"1":{"start":{"line":1,"column":88},"end":{"line":1,"column":104}},"2":{"start":{"line":1,"column":119},"end":{"line":1,"column":149}},"3":{"start":{"line":2,"column":17},"end":{"line":2,"column":38}},"4":{"start":{"line":2,"column":57},"end":{"line":2,"column":91}},"5":{"start":{"line":3,"column":12},"end":{"line":3,"column":27}},"6":{"start":{"line":4,"column":18},"end":{"line":4,"column":39}},"7":{"start":{"line":4,"column":59},"end":{"line":4,"column":94}},"8":{"start":{"line":5,"column":14},"end":{"line":5,"column":38}},"9":{"start":{"line":5,"column":54},"end":{"line":5,"column":85}},"10":{"start":{"line":6,"column":12},"end":{"line":6,"column":29}},"11":{"start":{"line":6,"column":43},"end":{"line":6,"column":72}},"12":{"start":{"line":6,"column":111},"end":{"line":6,"column":165}},"13":{"start":{"line":8,"column":14},"end":{"line":8,"column":32}},"14":{"start":{"line":10,"column":13},"end":{"line":58,"column":1}},"15":{"start":{"line":10,"column":47},"end":{"line":10,"column":56}},"16":{"start":{"line":10,"column":66},"end":{"line":10,"column":77}},"17":{"start":{"line":10,"column":92},"end":{"line":10,"column":108}},"18":{"start":{"line":10,"column":121},"end":{"line":10,"column":135}},"19":{"start":{"line":10,"column":147},"end":{"line":10,"column":160}},"20":{"start":{"line":10,"column":182},"end":{"line":10,"column":205}},"21":{"start":{"line":10,"column":217},"end":{"line":10,"column":230}},"22":{"start":{"line":10,"column":251},"end":{"line":10,"column":273}},"23":{"start":{"line":10,"column":288},"end":{"line":10,"column":304}},"24":{"start":{"line":10,"column":322},"end":{"line":10,"column":341}},"25":{"start":{"line":10,"column":349},"end":{"line":10,"column":358}},"26":{"start":{"line":11,"column":24},"end":{"line":11,"column":92}},"27":{"start":{"line":11,"column":53},"end":{"line":11,"column":91}},"28":{"start":{"line":12,"column":19},"end":{"line":20,"column":36}},"29":{"start":{"line":22,"column":2},"end":{"line":50,"column":99}},"30":{"start":{"line":60,"column":0},"end":{"line":71,"column":45}},"31":{"start":{"line":71,"column":45},"end":{"line":74,"column":7}}},"fnMap":{"0":{"name":"_interopRequireDefault","decl":{"start":{"line":6,"column":82},"end":{"line":6,"column":104}},"loc":{"start":{"line":6,"column":110},"end":{"line":6,"column":166}},"line":6},"1":{"name":"Header","decl":{"start":{"line":10,"column":22},"end":{"line":10,"column":28}},"loc":{"start":{"line":10,"column":35},"end":{"line":58,"column":1}},"line":10},"2":{"name":"handleClickMenu","decl":{"start":{"line":11,"column":33},"end":{"line":11,"column":48}},"loc":{"start":{"line":11,"column":52},"end":{"line":11,"column":92}},"line":11}},"branchMap":{"0":{"loc":{"start":{"line":6,"column":118},"end":{"line":6,"column":164}},"type":"cond-expr","locations":[{"start":{"line":6,"column":142},"end":{"line":6,"column":145}},{"start":{"line":6,"column":148},"end":{"line":6,"column":164}}],"line":6},"1":{"loc":{"start":{"line":6,"column":118},"end":{"line":6,"column":139}},"type":"binary-expr","locations":[{"start":{"line":6,"column":118},"end":{"line":6,"column":121}},{"start":{"line":6,"column":125},"end":{"line":6,"column":139}}],"line":6},"2":{"loc":{"start":{"line":11,"column":60},"end":{"line":11,"column":90}},"type":"binary-expr","locations":[{"start":{"line":11,"column":60},"end":{"line":11,"column":78}},{"start":{"line":11,"column":82},"end":{"line":11,"column":90}}],"line":11},"3":{"loc":{"start":{"line":24,"column":6},"end":{"line":34,"column":142}},"type":"cond-expr","locations":[{"start":{"line":25,"column":6},"end":{"line":27,"column":71}},{"start":{"line":30,"column":6},"end":{"line":34,"column":142}}],"line":24}},"s":{"0":0,"1":0,"2":0,"3":0,"4":0,"5":0,"6":0,"7":0,"8":0,"9":0,"10":0,"11":0,"12":0,"13":0,"14":0,"15":0,"16":0,"17":0,"18":0,"19":0,"20":0,"21":0,"22":0,"23":0,"24":0,"25":0,"26":0,"27":0,"28":0,"29":0,"30":0,"31":0},"f":{"0":0,"1":0,"2":0},"b":{"0":[0,0],"1":[0,0],"2":[0,0],"3":[0,0]}}
,"E:\\SANDI\\MWATER\\admin\\src\\components\\Layout\\Menu.js": {"path":"E:\\SANDI\\MWATER\\admin\\src\\components\\Layout\\Menu.js","statementMap":{"0":{"start":{"line":1,"column":13},"end":{"line":1,"column":75}},"1":{"start":{"line":1,"column":90},"end":{"line":1,"column":321}},"2":{"start":{"line":1,"column":126},"end":{"line":1,"column":306}},"3":{"start":{"line":1,"column":183},"end":{"line":1,"column":195}},"4":{"start":{"line":1,"column":196},"end":{"line":1,"column":305}},"5":{"start":{"line":1,"column":221},"end":{"line":1,"column":304}},"6":{"start":{"line":1,"column":277},"end":{"line":1,"column":303}},"7":{"start":{"line":1,"column":306},"end":{"line":1,"column":320}},"8":{"start":{"line":2,"column":13},"end":{"line":2,"column":29}},"9":{"start":{"line":2,"column":44},"end":{"line":2,"column":74}},"10":{"start":{"line":3,"column":17},"end":{"line":3,"column":38}},"11":{"start":{"line":3,"column":57},"end":{"line":3,"column":91}},"12":{"start":{"line":4,"column":12},"end":{"line":4,"column":27}},"13":{"start":{"line":5,"column":14},"end":{"line":5,"column":35}},"14":{"start":{"line":6,"column":13},"end":{"line":6,"column":29}},"15":{"start":{"line":7,"column":20},"end":{"line":7,"column":45}},"16":{"start":{"line":7,"column":67},"end":{"line":7,"column":104}},"17":{"start":{"line":7,"column":143},"end":{"line":7,"column":197}},"18":{"start":{"line":9,"column":12},"end":{"line":117,"column":1}},"19":{"start":{"line":9,"column":50},"end":{"line":9,"column":64}},"20":{"start":{"line":9,"column":77},"end":{"line":9,"column":91}},"21":{"start":{"line":9,"column":113},"end":{"line":9,"column":136}},"22":{"start":{"line":9,"column":151},"end":{"line":9,"column":167}},"23":{"start":{"line":9,"column":185},"end":{"line":9,"column":204}},"24":{"start":{"line":9,"column":212},"end":{"line":9,"column":221}},"25":{"start":{"line":11,"column":17},"end":{"line":11,"column":107}},"26":{"start":{"line":11,"column":67},"end":{"line":11,"column":90}},"27":{"start":{"line":12,"column":17},"end":{"line":12,"column":19}},"28":{"start":{"line":15,"column":17},"end":{"line":42,"column":3}},"29":{"start":{"line":16,"column":4},"end":{"line":41,"column":7}},"30":{"start":{"line":17,"column":6},"end":{"line":32,"column":7}},"31":{"start":{"line":18,"column":8},"end":{"line":20,"column":9}},"32":{"start":{"line":19,"column":10},"end":{"line":19,"column":40}},"33":{"start":{"line":21,"column":8},"end":{"line":29,"column":50}},"34":{"start":{"line":33,"column":6},"end":{"line":37,"column":70}},"35":{"start":{"line":43,"column":18},"end":{"line":43,"column":47}},"36":{"start":{"line":46,"column":24},"end":{"line":61,"column":3}},"37":{"start":{"line":47,"column":14},"end":{"line":47,"column":16}},"38":{"start":{"line":48,"column":20},"end":{"line":54,"column":5}},"39":{"start":{"line":49,"column":19},"end":{"line":49,"column":44}},"40":{"start":{"line":50,"column":6},"end":{"line":52,"column":7}},"41":{"start":{"line":51,"column":8},"end":{"line":51,"column":48}},"42":{"start":{"line":53,"column":6},"end":{"line":53,"column":20}},"43":{"start":{"line":55,"column":4},"end":{"line":59,"column":5}},"44":{"start":{"line":56,"column":6},"end":{"line":58,"column":7}},"45":{"start":{"line":57,"column":8},"end":{"line":57,"column":38}},"46":{"start":{"line":60,"column":4},"end":{"line":60,"column":26}},"47":{"start":{"line":63,"column":21},"end":{"line":74,"column":3}},"48":{"start":{"line":64,"column":24},"end":{"line":64,"column":90}},"49":{"start":{"line":64,"column":54},"end":{"line":64,"column":88}},"50":{"start":{"line":65,"column":25},"end":{"line":65,"column":91}},"51":{"start":{"line":65,"column":58},"end":{"line":65,"column":89}},"52":{"start":{"line":66,"column":23},"end":{"line":66,"column":25}},"53":{"start":{"line":67,"column":4},"end":{"line":69,"column":5}},"54":{"start":{"line":68,"column":6},"end":{"line":68,"column":74}},"55":{"start":{"line":70,"column":4},"end":{"line":72,"column":5}},"56":{"start":{"line":71,"column":6},"end":{"line":71,"column":53}},"57":{"start":{"line":73,"column":4},"end":{"line":73,"column":33}},"58":{"start":{"line":76,"column":18},"end":{"line":79,"column":4}},"59":{"start":{"line":83,"column":20},"end":{"line":83,"column":26}},"60":{"start":{"line":84,"column":28},"end":{"line":84,"column":34}},"61":{"start":{"line":84,"column":67},"end":{"line":84,"column":71}},"62":{"start":{"line":84,"column":96},"end":{"line":84,"column":101}},"63":{"start":{"line":84,"column":123},"end":{"line":84,"column":132}},"64":{"start":{"line":84,"column":133},"end":{"line":90,"column":214}},"65":{"start":{"line":85,"column":4},"end":{"line":90,"column":5}},"66":{"start":{"line":85,"column":167},"end":{"line":85,"column":178}},"67":{"start":{"line":86,"column":6},"end":{"line":89,"column":7}},"68":{"start":{"line":87,"column":8},"end":{"line":87,"column":27}},"69":{"start":{"line":88,"column":8},"end":{"line":88,"column":14}},"70":{"start":{"line":90,"column":20},"end":{"line":90,"column":45}},"71":{"start":{"line":90,"column":45},"end":{"line":90,"column":66}},"72":{"start":{"line":90,"column":77},"end":{"line":90,"column":213}},"73":{"start":{"line":90,"column":82},"end":{"line":90,"column":155}},"74":{"start":{"line":90,"column":135},"end":{"line":90,"column":154}},"75":{"start":{"line":90,"column":166},"end":{"line":90,"column":212}},"76":{"start":{"line":90,"column":190},"end":{"line":90,"column":211}},"77":{"start":{"line":91,"column":21},"end":{"line":101,"column":3}},"78":{"start":{"line":92,"column":17},"end":{"line":92,"column":38}},"79":{"start":{"line":93,"column":18},"end":{"line":98,"column":5}},"80":{"start":{"line":94,"column":6},"end":{"line":97,"column":7}},"81":{"start":{"line":95,"column":8},"end":{"line":95,"column":42}},"82":{"start":{"line":96,"column":8},"end":{"line":96,"column":62}},"83":{"start":{"line":99,"column":4},"end":{"line":99,"column":21}},"84":{"start":{"line":100,"column":4},"end":{"line":100,"column":18}},"85":{"start":{"line":102,"column":2},"end":{"line":104,"column":3}},"86":{"start":{"line":103,"column":4},"end":{"line":103,"column":72}},"87":{"start":{"line":106,"column":2},"end":{"line":114,"column":18}},"88":{"start":{"line":119,"column":0},"end":{"line":125,"column":45}},"89":{"start":{"line":125,"column":45},"end":{"line":128,"column":6}}},"fnMap":{"0":{"name":"(anonymous_0)","decl":{"start":{"line":1,"column":107},"end":{"line":1,"column":108}},"loc":{"start":{"line":1,"column":125},"end":{"line":1,"column":321}},"line":1},"1":{"name":"_interopRequireDefault","decl":{"start":{"line":7,"column":114},"end":{"line":7,"column":136}},"loc":{"start":{"line":7,"column":142},"end":{"line":7,"column":198}},"line":7},"2":{"name":"Menus","decl":{"start":{"line":9,"column":21},"end":{"line":9,"column":26}},"loc":{"start":{"line":9,"column":33},"end":{"line":117,"column":1}},"line":9},"3":{"name":"(anonymous_3)","decl":{"start":{"line":11,"column":53},"end":{"line":11,"column":54}},"loc":{"start":{"line":11,"column":66},"end":{"line":11,"column":91}},"line":11},"4":{"name":"getMenus","decl":{"start":{"line":15,"column":26},"end":{"line":15,"column":34}},"loc":{"start":{"line":15,"column":58},"end":{"line":42,"column":3}},"line":15},"5":{"name":"(anonymous_5)","decl":{"start":{"line":16,"column":25},"end":{"line":16,"column":26}},"loc":{"start":{"line":16,"column":41},"end":{"line":41,"column":5}},"line":16},"6":{"name":"getAncestorKeys","decl":{"start":{"line":46,"column":33},"end":{"line":46,"column":48}},"loc":{"start":{"line":46,"column":54},"end":{"line":61,"column":3}},"line":46},"7":{"name":"getParent","decl":{"start":{"line":48,"column":29},"end":{"line":48,"column":38}},"loc":{"start":{"line":48,"column":46},"end":{"line":54,"column":5}},"line":48},"8":{"name":"onOpenChange","decl":{"start":{"line":63,"column":30},"end":{"line":63,"column":42}},"loc":{"start":{"line":63,"column":53},"end":{"line":74,"column":3}},"line":63},"9":{"name":"(anonymous_9)","decl":{"start":{"line":64,"column":38},"end":{"line":64,"column":39}},"loc":{"start":{"line":64,"column":53},"end":{"line":64,"column":89}},"line":64},"10":{"name":"(anonymous_10)","decl":{"start":{"line":65,"column":42},"end":{"line":65,"column":43}},"loc":{"start":{"line":65,"column":57},"end":{"line":65,"column":90}},"line":65},"11":{"name":"getPathArray","decl":{"start":{"line":91,"column":30},"end":{"line":91,"column":42}},"loc":{"start":{"line":91,"column":68},"end":{"line":101,"column":3}},"line":91},"12":{"name":"getPath","decl":{"start":{"line":93,"column":27},"end":{"line":93,"column":34}},"loc":{"start":{"line":93,"column":41},"end":{"line":98,"column":5}},"line":93}},"branchMap":{"0":{"loc":{"start":{"line":1,"column":90},"end":{"line":1,"column":321}},"type":"binary-expr","locations":[{"start":{"line":1,"column":90},"end":{"line":1,"column":103}},{"start":{"line":1,"column":107},"end":{"line":1,"column":321}}],"line":1},"1":{"loc":{"start":{"line":1,"column":221},"end":{"line":1,"column":304}},"type":"if","locations":[{"start":{"line":1,"column":221},"end":{"line":1,"column":304}},{"start":{"line":1,"column":221},"end":{"line":1,"column":304}}],"line":1},"2":{"loc":{"start":{"line":7,"column":150},"end":{"line":7,"column":196}},"type":"cond-expr","locations":[{"start":{"line":7,"column":174},"end":{"line":7,"column":177}},{"start":{"line":7,"column":180},"end":{"line":7,"column":196}}],"line":7},"3":{"loc":{"start":{"line":7,"column":150},"end":{"line":7,"column":171}},"type":"binary-expr","locations":[{"start":{"line":7,"column":150},"end":{"line":7,"column":153}},{"start":{"line":7,"column":157},"end":{"line":7,"column":171}}],"line":7},"4":{"loc":{"start":{"line":17,"column":6},"end":{"line":32,"column":7}},"type":"if","locations":[{"start":{"line":17,"column":6},"end":{"line":32,"column":7}},{"start":{"line":17,"column":6},"end":{"line":32,"column":7}}],"line":17},"5":{"loc":{"start":{"line":18,"column":8},"end":{"line":20,"column":9}},"type":"if","locations":[{"start":{"line":18,"column":8},"end":{"line":20,"column":9}},{"start":{"line":18,"column":8},"end":{"line":20,"column":9}}],"line":18},"6":{"loc":{"start":{"line":25,"column":16},"end":{"line":25,"column":91}},"type":"binary-expr","locations":[{"start":{"line":25,"column":16},"end":{"line":25,"column":25}},{"start":{"line":25,"column":29},"end":{"line":25,"column":91}}],"line":25},"7":{"loc":{"start":{"line":26,"column":16},"end":{"line":26,"column":70}},"type":"binary-expr","locations":[{"start":{"line":26,"column":17},"end":{"line":26,"column":28}},{"start":{"line":26,"column":32},"end":{"line":26,"column":56}},{"start":{"line":26,"column":61},"end":{"line":26,"column":70}}],"line":26},"8":{"loc":{"start":{"line":36,"column":12},"end":{"line":36,"column":87}},"type":"binary-expr","locations":[{"start":{"line":36,"column":12},"end":{"line":36,"column":21}},{"start":{"line":36,"column":25},"end":{"line":36,"column":87}}],"line":36},"9":{"loc":{"start":{"line":37,"column":12},"end":{"line":37,"column":66}},"type":"binary-expr","locations":[{"start":{"line":37,"column":13},"end":{"line":37,"column":24}},{"start":{"line":37,"column":28},"end":{"line":37,"column":52}},{"start":{"line":37,"column":57},"end":{"line":37,"column":66}}],"line":37},"10":{"loc":{"start":{"line":50,"column":6},"end":{"line":52,"column":7}},"type":"if","locations":[{"start":{"line":50,"column":6},"end":{"line":52,"column":7}},{"start":{"line":50,"column":6},"end":{"line":52,"column":7}}],"line":50},"11":{"loc":{"start":{"line":56,"column":6},"end":{"line":58,"column":7}},"type":"if","locations":[{"start":{"line":56,"column":6},"end":{"line":58,"column":7}},{"start":{"line":56,"column":6},"end":{"line":58,"column":7}}],"line":56},"12":{"loc":{"start":{"line":60,"column":11},"end":{"line":60,"column":25}},"type":"binary-expr","locations":[{"start":{"line":60,"column":11},"end":{"line":60,"column":19}},{"start":{"line":60,"column":23},"end":{"line":60,"column":25}}],"line":60},"13":{"loc":{"start":{"line":67,"column":4},"end":{"line":69,"column":5}},"type":"if","locations":[{"start":{"line":67,"column":4},"end":{"line":69,"column":5}},{"start":{"line":67,"column":4},"end":{"line":69,"column":5}}],"line":67},"14":{"loc":{"start":{"line":70,"column":4},"end":{"line":72,"column":5}},"type":"if","locations":[{"start":{"line":70,"column":4},"end":{"line":72,"column":5}},{"start":{"line":70,"column":4},"end":{"line":72,"column":5}}],"line":70},"15":{"loc":{"start":{"line":76,"column":18},"end":{"line":79,"column":4}},"type":"cond-expr","locations":[{"start":{"line":76,"column":31},"end":{"line":78,"column":27}},{"start":{"line":79,"column":2},"end":{"line":79,"column":4}}],"line":76},"16":{"loc":{"start":{"line":86,"column":6},"end":{"line":89,"column":7}},"type":"if","locations":[{"start":{"line":86,"column":6},"end":{"line":89,"column":7}},{"start":{"line":86,"column":6},"end":{"line":89,"column":7}}],"line":86},"17":{"loc":{"start":{"line":86,"column":10},"end":{"line":86,"column":87}},"type":"binary-expr","locations":[{"start":{"line":86,"column":10},"end":{"line":86,"column":20}},{"start":{"line":86,"column":24},"end":{"line":86,"column":87}}],"line":86},"18":{"loc":{"start":{"line":90,"column":82},"end":{"line":90,"column":155}},"type":"if","locations":[{"start":{"line":90,"column":82},"end":{"line":90,"column":155}},{"start":{"line":90,"column":82},"end":{"line":90,"column":155}}],"line":90},"19":{"loc":{"start":{"line":90,"column":86},"end":{"line":90,"column":132}},"type":"binary-expr","locations":[{"start":{"line":90,"column":86},"end":{"line":90,"column":112}},{"start":{"line":90,"column":116},"end":{"line":90,"column":132}}],"line":90},"20":{"loc":{"start":{"line":90,"column":166},"end":{"line":90,"column":212}},"type":"if","locations":[{"start":{"line":90,"column":166},"end":{"line":90,"column":212}},{"start":{"line":90,"column":166},"end":{"line":90,"column":212}}],"line":90},"21":{"loc":{"start":{"line":94,"column":6},"end":{"line":97,"column":7}},"type":"if","locations":[{"start":{"line":94,"column":6},"end":{"line":97,"column":7}},{"start":{"line":94,"column":6},"end":{"line":97,"column":7}}],"line":94},"22":{"loc":{"start":{"line":94,"column":10},"end":{"line":94,"column":27}},"type":"binary-expr","locations":[{"start":{"line":94,"column":10},"end":{"line":94,"column":14}},{"start":{"line":94,"column":18},"end":{"line":94,"column":27}}],"line":94},"23":{"loc":{"start":{"line":102,"column":2},"end":{"line":104,"column":3}},"type":"if","locations":[{"start":{"line":102,"column":2},"end":{"line":104,"column":3}},{"start":{"line":102,"column":2},"end":{"line":104,"column":3}}],"line":102},"24":{"loc":{"start":{"line":109,"column":14},"end":{"line":109,"column":47}},"type":"cond-expr","locations":[{"start":{"line":109,"column":26},"end":{"line":109,"column":36}},{"start":{"line":109,"column":39},"end":{"line":109,"column":47}}],"line":109},"25":{"loc":{"start":{"line":110,"column":15},"end":{"line":110,"column":43}},"type":"cond-expr","locations":[{"start":{"line":110,"column":27},"end":{"line":110,"column":33}},{"start":{"line":110,"column":36},"end":{"line":110,"column":43}}],"line":110}},"s":{"0":0,"1":0,"2":0,"3":0,"4":0,"5":0,"6":0,"7":0,"8":0,"9":0,"10":0,"11":0,"12":0,"13":0,"14":0,"15":0,"16":0,"17":0,"18":0,"19":0,"20":0,"21":0,"22":0,"23":0,"24":0,"25":0,"26":0,"27":0,"28":0,"29":0,"30":0,"31":0,"32":0,"33":0,"34":0,"35":0,"36":0,"37":0,"38":0,"39":0,"40":0,"41":0,"42":0,"43":0,"44":0,"45":0,"46":0,"47":0,"48":0,"49":0,"50":0,"51":0,"52":0,"53":0,"54":0,"55":0,"56":0,"57":0,"58":0,"59":0,"60":0,"61":0,"62":0,"63":0,"64":0,"65":0,"66":0,"67":0,"68":0,"69":0,"70":0,"71":0,"72":0,"73":0,"74":0,"75":0,"76":0,"77":0,"78":0,"79":0,"80":0,"81":0,"82":0,"83":0,"84":0,"85":0,"86":0,"87":0,"88":0,"89":0},"f":{"0":0,"1":0,"2":0,"3":0,"4":0,"5":0,"6":0,"7":0,"8":0,"9":0,"10":0,"11":0,"12":0},"b":{"0":[0,0],"1":[0,0],"2":[0,0],"3":[0,0],"4":[0,0],"5":[0,0],"6":[0,0],"7":[0,0,0],"8":[0,0],"9":[0,0,0],"10":[0,0],"11":[0,0],"12":[0,0],"13":[0,0],"14":[0,0],"15":[0,0],"16":[0,0],"17":[0,0],"18":[0,0],"19":[0,0],"20":[0,0],"21":[0,0],"22":[0,0],"23":[0,0],"24":[0,0],"25":[0,0]}}
,"E:\\SANDI\\MWATER\\admin\\src\\components\\Layout\\Sider.js": {"path":"E:\\SANDI\\MWATER\\admin\\src\\components\\Layout\\Sider.js","statementMap":{"0":{"start":{"line":1,"column":13},"end":{"line":1,"column":75}},"1":{"start":{"line":1,"column":88},"end":{"line":1,"column":104}},"2":{"start":{"line":1,"column":119},"end":{"line":1,"column":149}},"3":{"start":{"line":2,"column":17},"end":{"line":2,"column":38}},"4":{"start":{"line":2,"column":57},"end":{"line":2,"column":91}},"5":{"start":{"line":3,"column":12},"end":{"line":3,"column":27}},"6":{"start":{"line":4,"column":13},"end":{"line":4,"column":29}},"7":{"start":{"line":5,"column":14},"end":{"line":5,"column":38}},"8":{"start":{"line":5,"column":54},"end":{"line":5,"column":85}},"9":{"start":{"line":6,"column":12},"end":{"line":6,"column":29}},"10":{"start":{"line":6,"column":43},"end":{"line":6,"column":72}},"11":{"start":{"line":6,"column":111},"end":{"line":6,"column":165}},"12":{"start":{"line":8,"column":12},"end":{"line":30,"column":1}},"13":{"start":{"line":8,"column":50},"end":{"line":8,"column":64}},"14":{"start":{"line":8,"column":77},"end":{"line":8,"column":91}},"15":{"start":{"line":8,"column":103},"end":{"line":8,"column":116}},"16":{"start":{"line":8,"column":131},"end":{"line":8,"column":147}},"17":{"start":{"line":8,"column":162},"end":{"line":8,"column":178}},"18":{"start":{"line":8,"column":196},"end":{"line":8,"column":215}},"19":{"start":{"line":8,"column":223},"end":{"line":8,"column":232}},"20":{"start":{"line":9,"column":19},"end":{"line":15,"column":36}},"21":{"start":{"line":17,"column":2},"end":{"line":27,"column":11}},"22":{"start":{"line":32,"column":0},"end":{"line":39,"column":45}},"23":{"start":{"line":39,"column":45},"end":{"line":42,"column":6}}},"fnMap":{"0":{"name":"_interopRequireDefault","decl":{"start":{"line":6,"column":82},"end":{"line":6,"column":104}},"loc":{"start":{"line":6,"column":110},"end":{"line":6,"column":166}},"line":6},"1":{"name":"Sider","decl":{"start":{"line":8,"column":21},"end":{"line":8,"column":26}},"loc":{"start":{"line":8,"column":33},"end":{"line":30,"column":1}},"line":8}},"branchMap":{"0":{"loc":{"start":{"line":6,"column":118},"end":{"line":6,"column":164}},"type":"cond-expr","locations":[{"start":{"line":6,"column":142},"end":{"line":6,"column":145}},{"start":{"line":6,"column":148},"end":{"line":6,"column":164}}],"line":6},"1":{"loc":{"start":{"line":6,"column":118},"end":{"line":6,"column":139}},"type":"binary-expr","locations":[{"start":{"line":6,"column":118},"end":{"line":6,"column":121}},{"start":{"line":6,"column":125},"end":{"line":6,"column":139}}],"line":6},"2":{"loc":{"start":{"line":21,"column":8},"end":{"line":21,"column":88}},"type":"cond-expr","locations":[{"start":{"line":21,"column":20},"end":{"line":21,"column":22}},{"start":{"line":21,"column":25},"end":{"line":21,"column":88}}],"line":21},"3":{"loc":{"start":{"line":24,"column":6},"end":{"line":27,"column":8}},"type":"cond-expr","locations":[{"start":{"line":24,"column":19},"end":{"line":26,"column":159}},{"start":{"line":27,"column":6},"end":{"line":27,"column":8}}],"line":24}},"s":{"0":0,"1":0,"2":0,"3":0,"4":0,"5":0,"6":0,"7":0,"8":0,"9":0,"10":0,"11":0,"12":0,"13":0,"14":0,"15":0,"16":0,"17":0,"18":0,"19":0,"20":0,"21":0,"22":0,"23":0},"f":{"0":0,"1":0},"b":{"0":[0,0],"1":[0,0],"2":[0,0],"3":[0,0]}}
,"E:\\SANDI\\MWATER\\admin\\src\\components\\Layout\\index.js": {"path":"E:\\SANDI\\MWATER\\admin\\src\\components\\Layout\\index.js","statementMap":{"0":{"start":{"line":1,"column":13},"end":{"line":1,"column":75}},"1":{"start":{"line":1,"column":75},"end":{"line":1,"column":183}},"2":{"start":{"line":1,"column":197},"end":{"line":1,"column":216}},"3":{"start":{"line":1,"column":232},"end":{"line":1,"column":263}},"4":{"start":{"line":2,"column":12},"end":{"line":2,"column":29}},"5":{"start":{"line":2,"column":43},"end":{"line":2,"column":72}},"6":{"start":{"line":3,"column":13},"end":{"line":3,"column":31}},"7":{"start":{"line":3,"column":46},"end":{"line":3,"column":76}},"8":{"start":{"line":4,"column":13},"end":{"line":4,"column":31}},"9":{"start":{"line":4,"column":46},"end":{"line":4,"column":76}},"10":{"start":{"line":5,"column":14},"end":{"line":5,"column":33}},"11":{"start":{"line":5,"column":49},"end":{"line":5,"column":80}},"12":{"start":{"line":6,"column":14},"end":{"line":6,"column":38}},"13":{"start":{"line":6,"column":54},"end":{"line":6,"column":85}},"14":{"start":{"line":6,"column":124},"end":{"line":6,"column":178}},"15":{"start":{"line":6,"column":179},"end":{"line":8,"column":26}},"16":{"start":{"line":8,"column":26},"end":{"line":8,"column":56}},"17":{"start":{"line":8,"column":56},"end":{"line":8,"column":88}},"18":{"start":{"line":8,"column":88},"end":{"line":8,"column":120}},"19":{"start":{"line":8,"column":120},"end":{"line":8,"column":154}},"20":{"start":{"line":8,"column":154},"end":{"line":8,"column":188}}},"fnMap":{"0":{"name":"_interopRequireDefault","decl":{"start":{"line":6,"column":95},"end":{"line":6,"column":117}},"loc":{"start":{"line":6,"column":123},"end":{"line":6,"column":179}},"line":6}},"branchMap":{"0":{"loc":{"start":{"line":6,"column":131},"end":{"line":6,"column":177}},"type":"cond-expr","locations":[{"start":{"line":6,"column":155},"end":{"line":6,"column":158}},{"start":{"line":6,"column":161},"end":{"line":6,"column":177}}],"line":6},"1":{"loc":{"start":{"line":6,"column":131},"end":{"line":6,"column":152}},"type":"binary-expr","locations":[{"start":{"line":6,"column":131},"end":{"line":6,"column":134}},{"start":{"line":6,"column":138},"end":{"line":6,"column":152}}],"line":6}},"s":{"0":0,"1":0,"2":0,"3":0,"4":0,"5":0,"6":0,"7":0,"8":0,"9":0,"10":0,"11":0,"12":0,"13":0,"14":0,"15":0,"16":0,"17":0,"18":0,"19":0,"20":0},"f":{"0":0},"b":{"0":[0,0],"1":[0,0]}}
,"E:\\SANDI\\MWATER\\admin\\src\\components\\Loader\\Loader.js": {"path":"E:\\SANDI\\MWATER\\admin\\src\\components\\Loader\\Loader.js","statementMap":{"0":{"start":{"line":1,"column":13},"end":{"line":1,"column":75}},"1":{"start":{"line":1,"column":88},"end":{"line":1,"column":104}},"2":{"start":{"line":1,"column":119},"end":{"line":1,"column":149}},"3":{"start":{"line":2,"column":17},"end":{"line":2,"column":38}},"4":{"start":{"line":2,"column":57},"end":{"line":2,"column":91}},"5":{"start":{"line":3,"column":18},"end":{"line":3,"column":39}},"6":{"start":{"line":3,"column":59},"end":{"line":3,"column":94}},"7":{"start":{"line":4,"column":14},"end":{"line":4,"column":38}},"8":{"start":{"line":4,"column":54},"end":{"line":4,"column":85}},"9":{"start":{"line":4,"column":124},"end":{"line":4,"column":178}},"10":{"start":{"line":4,"column":222},"end":{"line":4,"column":369}},"11":{"start":{"line":4,"column":239},"end":{"line":4,"column":343}},"12":{"start":{"line":4,"column":351},"end":{"line":4,"column":368}},"13":{"start":{"line":4,"column":369},"end":{"line":4,"column":380}},"14":{"start":{"line":6,"column":13},"end":{"line":13,"column":1}},"15":{"start":{"line":6,"column":51},"end":{"line":6,"column":64}},"16":{"start":{"line":7,"column":2},"end":{"line":10,"column":94}},"17":{"start":{"line":16,"column":0},"end":{"line":17,"column":39}},"18":{"start":{"line":17,"column":39},"end":{"line":20,"column":7}}},"fnMap":{"0":{"name":"_interopRequireDefault","decl":{"start":{"line":4,"column":95},"end":{"line":4,"column":117}},"loc":{"start":{"line":4,"column":123},"end":{"line":4,"column":179}},"line":4},"1":{"name":"_defineProperty","decl":{"start":{"line":4,"column":188},"end":{"line":4,"column":203}},"loc":{"start":{"line":4,"column":221},"end":{"line":4,"column":381}},"line":4},"2":{"name":"Loader","decl":{"start":{"line":6,"column":22},"end":{"line":6,"column":28}},"loc":{"start":{"line":6,"column":35},"end":{"line":13,"column":1}},"line":6}},"branchMap":{"0":{"loc":{"start":{"line":4,"column":131},"end":{"line":4,"column":177}},"type":"cond-expr","locations":[{"start":{"line":4,"column":155},"end":{"line":4,"column":158}},{"start":{"line":4,"column":161},"end":{"line":4,"column":177}}],"line":4},"1":{"loc":{"start":{"line":4,"column":131},"end":{"line":4,"column":152}},"type":"binary-expr","locations":[{"start":{"line":4,"column":131},"end":{"line":4,"column":134}},{"start":{"line":4,"column":138},"end":{"line":4,"column":152}}],"line":4},"2":{"loc":{"start":{"line":4,"column":222},"end":{"line":4,"column":369}},"type":"if","locations":[{"start":{"line":4,"column":222},"end":{"line":4,"column":369}},{"start":{"line":4,"column":222},"end":{"line":4,"column":369}}],"line":4}},"s":{"0":0,"1":0,"2":0,"3":0,"4":0,"5":0,"6":0,"7":0,"8":0,"9":0,"10":0,"11":0,"12":0,"13":0,"14":0,"15":0,"16":0,"17":0,"18":0},"f":{"0":0,"1":0,"2":0},"b":{"0":[0,0],"1":[0,0],"2":[0,0]}}
,"E:\\SANDI\\MWATER\\admin\\src\\gobal\\index.js": {"path":"E:\\SANDI\\MWATER\\admin\\src\\gobal\\index.js","statementMap":{"0":{"start":{"line":1,"column":13},"end":{"line":1,"column":44}},"1":{"start":{"line":2,"column":0},"end":{"line":2,"column":28}},"2":{"start":{"line":3,"column":0},"end":{"line":3,"column":32}}},"fnMap":{},"branchMap":{},"s":{"0":0,"1":0,"2":0},"f":{},"b":{}}
,"E:\\SANDI\\MWATER\\admin\\src\\gobal\\iconfont\\iconfont.js": {"path":"E:\\SANDI\\MWATER\\admin\\src\\gobal\\iconfont\\iconfont.js","statementMap":{"0":{"start":{"line":1,"column":13},"end":{"line":1,"column":67091}},"1":{"start":{"line":1,"column":49},"end":{"line":1,"column":65267}},"2":{"start":{"line":1,"column":65281},"end":{"line":1,"column":65386}},"3":{"start":{"line":1,"column":65308},"end":{"line":1,"column":65347}},"4":{"start":{"line":1,"column":65348},"end":{"line":1,"column":65383}},"5":{"start":{"line":1,"column":65409},"end":{"line":1,"column":65446}},"6":{"start":{"line":1,"column":65459},"end":{"line":1,"column":66207}},"7":{"start":{"line":1,"column":65479},"end":{"line":1,"column":65839}},"8":{"start":{"line":1,"column":65511},"end":{"line":1,"column":65776}},"9":{"start":{"line":1,"column":65585},"end":{"line":1,"column":65603}},"10":{"start":{"line":1,"column":65624},"end":{"line":1,"column":65713}},"11":{"start":{"line":1,"column":65643},"end":{"line":1,"column":65707}},"12":{"start":{"line":1,"column":65707},"end":{"line":1,"column":65712}},"13":{"start":{"line":1,"column":65714},"end":{"line":1,"column":65775}},"14":{"start":{"line":1,"column":65783},"end":{"line":1,"column":65839}},"15":{"start":{"line":1,"column":65810},"end":{"line":1,"column":65838}},"16":{"start":{"line":1,"column":65880},"end":{"line":1,"column":65890}},"17":{"start":{"line":1,"column":65898},"end":{"line":1,"column":65903}},"18":{"start":{"line":1,"column":65911},"end":{"line":1,"column":65959}},"19":{"start":{"line":1,"column":65928},"end":{"line":1,"column":65958}},"20":{"start":{"line":1,"column":65940},"end":{"line":1,"column":65952}},"21":{"start":{"line":1,"column":65952},"end":{"line":1,"column":65957}},"22":{"start":{"line":1,"column":65974},"end":{"line":1,"column":66087}},"23":{"start":{"line":1,"column":65994},"end":{"line":1,"column":66079}},"24":{"start":{"line":1,"column":65999},"end":{"line":1,"column":66034}},"25":{"start":{"line":1,"column":66047},"end":{"line":1,"column":66071}},"26":{"start":{"line":1,"column":66071},"end":{"line":1,"column":66078}},"27":{"start":{"line":1,"column":66079},"end":{"line":1,"column":66086}},"28":{"start":{"line":1,"column":66088},"end":{"line":1,"column":66098}},"29":{"start":{"line":1,"column":66098},"end":{"line":1,"column":66205}},"30":{"start":{"line":1,"column":66134},"end":{"line":1,"column":66203}},"31":{"start":{"line":1,"column":66167},"end":{"line":1,"column":66195}},"32":{"start":{"line":1,"column":66195},"end":{"line":1,"column":66202}},"33":{"start":{"line":1,"column":66221},"end":{"line":1,"column":66294}},"34":{"start":{"line":1,"column":66250},"end":{"line":1,"column":66293}},"35":{"start":{"line":1,"column":66309},"end":{"line":1,"column":66426}},"36":{"start":{"line":1,"column":66339},"end":{"line":1,"column":66425}},"37":{"start":{"line":1,"column":66363},"end":{"line":1,"column":66393}},"38":{"start":{"line":1,"column":66401},"end":{"line":1,"column":66424}},"39":{"start":{"line":1,"column":66462},"end":{"line":1,"column":66498}},"40":{"start":{"line":1,"column":66498},"end":{"line":1,"column":66524}},"41":{"start":{"line":1,"column":66524},"end":{"line":1,"column":66541}},"42":{"start":{"line":1,"column":66541},"end":{"line":1,"column":66582}},"43":{"start":{"line":1,"column":66582},"end":{"line":1,"column":66764}},"44":{"start":{"line":1,"column":66592},"end":{"line":1,"column":66632}},"45":{"start":{"line":1,"column":66632},"end":{"line":1,"column":66664}},"46":{"start":{"line":1,"column":66664},"end":{"line":1,"column":66684}},"47":{"start":{"line":1,"column":66684},"end":{"line":1,"column":66705}},"48":{"start":{"line":1,"column":66705},"end":{"line":1,"column":66735}},"49":{"start":{"line":1,"column":66735},"end":{"line":1,"column":66763}},"50":{"start":{"line":1,"column":66765},"end":{"line":1,"column":67063}},"51":{"start":{"line":1,"column":66827},"end":{"line":1,"column":66870}},"52":{"start":{"line":1,"column":66870},"end":{"line":1,"column":67062}},"53":{"start":{"line":1,"column":66875},"end":{"line":1,"column":67022}},"54":{"start":{"line":1,"column":67035},"end":{"line":1,"column":67061}},"55":{"start":{"line":1,"column":67063},"end":{"line":1,"column":67080}}},"fnMap":{"0":{"name":"(anonymous_0)","decl":{"start":{"line":1,"column":14},"end":{"line":1,"column":15}},"loc":{"start":{"line":1,"column":32},"end":{"line":1,"column":67081}},"line":1},"1":{"name":"(anonymous_1)","decl":{"start":{"line":1,"column":65281},"end":{"line":1,"column":65282}},"loc":{"start":{"line":1,"column":65293},"end":{"line":1,"column":65384}},"line":1},"2":{"name":"ready","decl":{"start":{"line":1,"column":65468},"end":{"line":1,"column":65473}},"loc":{"start":{"line":1,"column":65478},"end":{"line":1,"column":66207}},"line":1},"3":{"name":"loadFn","decl":{"start":{"line":1,"column":65633},"end":{"line":1,"column":65639}},"loc":{"start":{"line":1,"column":65642},"end":{"line":1,"column":65713}},"line":1},"4":{"name":"IEContentLoaded","decl":{"start":{"line":1,"column":65848},"end":{"line":1,"column":65863}},"loc":{"start":{"line":1,"column":65871},"end":{"line":1,"column":66206}},"line":1},"5":{"name":"init","decl":{"start":{"line":1,"column":65920},"end":{"line":1,"column":65924}},"loc":{"start":{"line":1,"column":65927},"end":{"line":1,"column":65959}},"line":1},"6":{"name":"polling","decl":{"start":{"line":1,"column":65983},"end":{"line":1,"column":65990}},"loc":{"start":{"line":1,"column":65993},"end":{"line":1,"column":66087}},"line":1},"7":{"name":"(anonymous_7)","decl":{"start":{"line":1,"column":66121},"end":{"line":1,"column":66122}},"loc":{"start":{"line":1,"column":66133},"end":{"line":1,"column":66204}},"line":1},"8":{"name":"before","decl":{"start":{"line":1,"column":66230},"end":{"line":1,"column":66236}},"loc":{"start":{"line":1,"column":66249},"end":{"line":1,"column":66294}},"line":1},"9":{"name":"prepend","decl":{"start":{"line":1,"column":66318},"end":{"line":1,"column":66325}},"loc":{"start":{"line":1,"column":66338},"end":{"line":1,"column":66426}},"line":1},"10":{"name":"appendSvg","decl":{"start":{"line":1,"column":66436},"end":{"line":1,"column":66445}},"loc":{"start":{"line":1,"column":66448},"end":{"line":1,"column":66765}},"line":1}},"branchMap":{"0":{"loc":{"start":{"line":1,"column":65479},"end":{"line":1,"column":65839}},"type":"if","locations":[{"start":{"line":1,"column":65479},"end":{"line":1,"column":65839}},{"start":{"line":1,"column":65479},"end":{"line":1,"column":65839}}],"line":1},"1":{"loc":{"start":{"line":1,"column":65511},"end":{"line":1,"column":65776}},"type":"if","locations":[{"start":{"line":1,"column":65511},"end":{"line":1,"column":65776}},{"start":{"line":1,"column":65511},"end":{"line":1,"column":65776}}],"line":1},"2":{"loc":{"start":{"line":1,"column":65783},"end":{"line":1,"column":65839}},"type":"if","locations":[{"start":{"line":1,"column":65783},"end":{"line":1,"column":65839}},{"start":{"line":1,"column":65783},"end":{"line":1,"column":65839}}],"line":1},"3":{"loc":{"start":{"line":1,"column":65928},"end":{"line":1,"column":65958}},"type":"if","locations":[{"start":{"line":1,"column":65928},"end":{"line":1,"column":65958}},{"sta
[...]
,"E:\\SANDI\\MWATER\\admin\\src\\view\\error\\index.js": {"path":"E:\\SANDI\\MWATER\\admin\\src\\view\\error\\index.js","statementMap":{"0":{"start":{"line":1,"column":13},"end":{"line":1,"column":75}},"1":{"start":{"line":1,"column":88},"end":{"line":1,"column":104}},"2":{"start":{"line":1,"column":119},"end":{"line":1,"column":149}},"3":{"start":{"line":2,"column":13},"end":{"line":2,"column":36}},"4":{"start":{"line":2,"column":51},"end":{"line":2,"column":81}},"5":{"start":{"line":3,"column":8},"end":{"line":3,"column":46}},"6":{"start":{"line":3,"column":56},"end":{"line":3,"column":81}},"7":{"start":{"line":3,"column":120},"end":{"line":3,"column":174}},"8":{"start":{"line":5,"column":12},"end":{"line":7,"column":80}},"9":{"start":{"line":5,"column":30},"end":{"line":7,"column":79}},"10":{"start":{"line":7,"column":81},"end":{"line":11,"column":6}}},"fnMap":{"0":{"name":"_interopRequireDefault","decl":{"start":{"line":3,"column":91},"end":{"line":3,"column":113}},"loc":{"start":{"line":3,"column":119},"end":{"line":3,"column":175}},"line":3},"1":{"name":"Error","decl":{"start":{"line":5,"column":21},"end":{"line":5,"column":26}},"loc":{"start":{"line":5,"column":29},"end":{"line":7,"column":80}},"line":5}},"branchMap":{"0":{"loc":{"start":{"line":3,"column":127},"end":{"line":3,"column":173}},"type":"cond-expr","locations":[{"start":{"line":3,"column":151},"end":{"line":3,"column":154}},{"start":{"line":3,"column":157},"end":{"line":3,"column":173}}],"line":3},"1":{"loc":{"start":{"line":3,"column":127},"end":{"line":3,"column":148}},"type":"binary-expr","locations":[{"start":{"line":3,"column":127},"end":{"line":3,"column":130}},{"start":{"line":3,"column":134},"end":{"line":3,"column":148}}],"line":3}},"s":{"0":0,"1":0,"2":0,"3":0,"4":0,"5":0,"6":0,"7":0,"8":0,"9":0,"10":0},"f":{"0":0,"1":0},"b":{"0":[0,0],"1":[0,0]}}
,"E:\\SANDI\\MWATER\\admin\\src\\view\\jestTest\\index.js": {"path":"E:\\SANDI\\MWATER\\admin\\src\\view\\jestTest\\index.js","statementMap":{"0":{"start":{"line":1,"column":13},"end":{"line":1,"column":75}},"1":{"start":{"line":1,"column":75},"end":{"line":1,"column":113}},"2":{"start":{"line":2,"column":2},"end":{"line":4,"column":3}},"3":{"start":{"line":3,"column":4},"end":{"line":3,"column":26}},"4":{"start":{"line":5,"column":2},"end":{"line":5,"column":12}}},"fnMap":{"0":{"name":"checkUsername","decl":{"start":{"line":1,"column":122},"end":{"line":1,"column":135}},"loc":{"start":{"line":1,"column":142},"end":{"line":6,"column":1}},"line":1}},"branchMap":{"0":{"loc":{"start":{"line":2,"column":2},"end":{"line":4,"column":3}},"type":"if","locations":[{"start":{"line":2,"column":2},"end":{"line":4,"column":3}},{"start":{"line":2,"column":2},"end":{"line":4,"column":3}}],"line":2},"1":{"loc":{"start":{"line":2,"column":6},"end":{"line":2,"column":43}},"type":"binary-expr","locations":[{"start":{"line":2,"column":6},"end":{"line":2,"column":23}},{"start":{"line":2,"column":27},"end":{"line":2,"column":43}}],"line":2}},"s":{"0":0,"1":0,"2":0,"3":0,"4":0},"f":{"0":0},"b":{"0":[0,0],"1":[0,0]}}
,"E:\\SANDI\\MWATER\\admin\\src\\view\\login\\index.js": {"path":"E:\\SANDI\\MWATER\\admin\\src\\view\\login\\index.js","statementMap":{"0":{"start":{"line":1,"column":13},"end":{"line":1,"column":75}},"1":{"start":{"line":1,"column":88},"end":{"line":1,"column":104}},"2":{"start":{"line":1,"column":119},"end":{"line":1,"column":149}},"3":{"start":{"line":2,"column":17},"end":{"line":2,"column":38}},"4":{"start":{"line":2,"column":57},"end":{"line":2,"column":91}},"5":{"start":{"line":3,"column":11},"end":{"line":3,"column":25}},"6":{"start":{"line":4,"column":12},"end":{"line":4,"column":27}},"7":{"start":{"line":5,"column":13},"end":{"line":5,"column":29}},"8":{"start":{"line":6,"column":0},"end":{"line":6,"column":17}},"9":{"start":{"line":6,"column":55},"end":{"line":6,"column":109}},"10":{"start":{"line":8,"column":15},"end":{"line":8,"column":30}},"11":{"start":{"line":10,"column":12},"end":{"line":78,"column":1}},"12":{"start":{"line":17,"column":13},"end":{"line":17,"column":23}},"13":{"start":{"line":17,"column":35},"end":{"line":17,"column":48}},"14":{"start":{"line":17,"column":61},"end":{"line":17,"column":70}},"15":{"start":{"line":17,"column":91},"end":{"line":17,"column":118}},"16":{"start":{"line":17,"column":145},"end":{"line":17,"column":178}},"17":{"start":{"line":18,"column":17},"end":{"line":18,"column":35}},"18":{"start":{"line":21,"column":4},"end":{"line":26,"column":7}},"19":{"start":{"line":22,"column":6},"end":{"line":24,"column":7}},"20":{"start":{"line":23,"column":8},"end":{"line":23,"column":15}},"21":{"start":{"line":25,"column":6},"end":{"line":25,"column":57}},"22":{"start":{"line":29,"column":4},"end":{"line":29,"column":41}},"23":{"start":{"line":31,"column":2},"end":{"line":70,"column":130}},"24":{"start":{"line":80,"column":0},"end":{"line":83,"column":39}},"25":{"start":{"line":83,"column":39},"end":{"line":86,"column":115}},"26":{"start":{"line":86,"column":48},"end":{"line":86,"column":59}},"27":{"start":{"line":86,"column":60},"end":{"line":86,"column":84}}},"fnMap":{"0":{"name":"_interopRequireDefault","decl":{"start":{"line":6,"column":26},"end":{"line":6,"column":48}},"loc":{"start":{"line":6,"column":54},"end":{"line":6,"column":110}},"line":6},"1":{"name":"Login","decl":{"start":{"line":10,"column":21},"end":{"line":10,"column":26}},"loc":{"start":{"line":17,"column":0},"end":{"line":78,"column":1}},"line":17},"2":{"name":"handleOk","decl":{"start":{"line":20,"column":11},"end":{"line":20,"column":19}},"loc":{"start":{"line":20,"column":22},"end":{"line":27,"column":3}},"line":20},"3":{"name":"(anonymous_3)","decl":{"start":{"line":21,"column":28},"end":{"line":21,"column":29}},"loc":{"start":{"line":21,"column":54},"end":{"line":26,"column":5}},"line":21},"4":{"name":"gotoLogout","decl":{"start":{"line":28,"column":11},"end":{"line":28,"column":21}},"loc":{"start":{"line":28,"column":24},"end":{"line":30,"column":3}},"line":28},"5":{"name":"(anonymous_5)","decl":{"start":{"line":86,"column":18},"end":{"line":86,"column":19}},"loc":{"start":{"line":86,"column":35},"end":{"line":86,"column":85}},"line":86}},"branchMap":{"0":{"loc":{"start":{"line":6,"column":62},"end":{"line":6,"column":108}},"type":"cond-expr","locations":[{"start":{"line":6,"column":86},"end":{"line":6,"column":89}},{"start":{"line":6,"column":92},"end":{"line":6,"column":108}}],"line":6},"1":{"loc":{"start":{"line":6,"column":62},"end":{"line":6,"column":83}},"type":"binary-expr","locations":[{"start":{"line":6,"column":62},"end":{"line":6,"column":65}},{"start":{"line":6,"column":69},"end":{"line":6,"column":83}}],"line":6},"2":{"loc":{"start":{"line":22,"column":6},"end":{"line":24,"column":7}},"type":"if","locations":[{"start":{"line":22,"column":6},"end":{"line":24,"column":7}},{"start":{"line":22,"column":6},"end":{"line":24,"column":7}}],"line":22}},"s":{"0":0,"1":0,"2":0,"3":0,"4":0,"5":0,"6":0,"7":0,"8":0,"9":0,"10":0,"11":0,"12":0,"13":0,"14":0,"15":0,"16":0,"17":0,"18":0,"19":0,"20":0,"21":0,"22":0,"23":0,"24":0,"25":0,"26":0,"27":0},"f":{"0":0,"1":0,"2":0,"3":0,"4":0,"5":0},"b":{"0":[0,0],"1":[0,0],"2":[0,0]}}
,"E:\\SANDI\\MWATER\\admin\\src\\view\\logout\\index.js": {"path":"E:\\SANDI\\MWATER\\admin\\src\\view\\logout\\index.js","statementMap":{"0":{"start":{"line":1,"column":13},"end":{"line":1,"column":75}},"1":{"start":{"line":1,"column":88},"end":{"line":1,"column":104}},"2":{"start":{"line":1,"column":119},"end":{"line":1,"column":149}},"3":{"start":{"line":2,"column":17},"end":{"line":2,"column":38}},"4":{"start":{"line":2,"column":57},"end":{"line":2,"column":91}},"5":{"start":{"line":3,"column":11},"end":{"line":3,"column":25}},"6":{"start":{"line":4,"column":12},"end":{"line":4,"column":27}},"7":{"start":{"line":5,"column":13},"end":{"line":5,"column":29}},"8":{"start":{"line":6,"column":0},"end":{"line":6,"column":17}},"9":{"start":{"line":6,"column":55},"end":{"line":6,"column":109}},"10":{"start":{"line":8,"column":15},"end":{"line":8,"column":30}},"11":{"start":{"line":10,"column":13},"end":{"line":92,"column":1}},"12":{"start":{"line":19,"column":14},"end":{"line":19,"column":25}},"13":{"start":{"line":19,"column":37},"end":{"line":19,"column":50}},"14":{"start":{"line":19,"column":63},"end":{"line":19,"column":72}},"15":{"start":{"line":19,"column":89},"end":{"line":19,"column":112}},"16":{"start":{"line":19,"column":130},"end":{"line":19,"column":154}},"17":{"start":{"line":19,"column":175},"end":{"line":19,"column":202}},"18":{"start":{"line":19,"column":229},"end":{"line":19,"column":262}},"19":{"start":{"line":20,"column":17},"end":{"line":20,"column":36}},"20":{"start":{"line":20,"column":52},"end":{"line":20,"column":71}},"21":{"start":{"line":23,"column":4},"end":{"line":28,"column":7}},"22":{"start":{"line":24,"column":6},"end":{"line":26,"column":7}},"23":{"start":{"line":25,"column":8},"end":{"line":25,"column":15}},"24":{"start":{"line":27,"column":6},"end":{"line":27,"column":59}},"25":{"start":{"line":31,"column":4},"end":{"line":31,"column":41}},"26":{"start":{"line":34,"column":4},"end":{"line":38,"column":5}},"27":{"start":{"line":35,"column":6},"end":{"line":35,"column":28}},"28":{"start":{"line":37,"column":6},"end":{"line":37,"column":17}},"29":{"start":{"line":41,"column":4},"end":{"line":43,"column":5}},"30":{"start":{"line":42,"column":6},"end":{"line":42,"column":51}},"31":{"start":{"line":44,"column":4},"end":{"line":44,"column":15}},"32":{"start":{"line":46,"column":2},"end":{"line":85,"column":201}},"33":{"start":{"line":94,"column":0},"end":{"line":97,"column":39}},"34":{"start":{"line":97,"column":39},"end":{"line":100,"column":120}},"35":{"start":{"line":100,"column":49},"end":{"line":100,"column":61}},"36":{"start":{"line":100,"column":62},"end":{"line":100,"column":88}}},"fnMap":{"0":{"name":"_interopRequireDefault","decl":{"start":{"line":6,"column":26},"end":{"line":6,"column":48}},"loc":{"start":{"line":6,"column":54},"end":{"line":6,"column":110}},"line":6},"1":{"name":"Logout","decl":{"start":{"line":10,"column":22},"end":{"line":10,"column":28}},"loc":{"start":{"line":19,"column":0},"end":{"line":92,"column":1}},"line":19},"2":{"name":"handleOk","decl":{"start":{"line":22,"column":11},"end":{"line":22,"column":19}},"loc":{"start":{"line":22,"column":22},"end":{"line":29,"column":3}},"line":22},"3":{"name":"(anonymous_3)","decl":{"start":{"line":23,"column":28},"end":{"line":23,"column":29}},"loc":{"start":{"line":23,"column":54},"end":{"line":28,"column":5}},"line":23},"4":{"name":"gotoLogin","decl":{"start":{"line":30,"column":11},"end":{"line":30,"column":20}},"loc":{"start":{"line":30,"column":23},"end":{"line":32,"column":3}},"line":30},"5":{"name":"checkPassword","decl":{"start":{"line":33,"column":11},"end":{"line":33,"column":24}},"loc":{"start":{"line":33,"column":48},"end":{"line":39,"column":3}},"line":33},"6":{"name":"checkConfirm","decl":{"start":{"line":40,"column":11},"end":{"line":40,"column":23}},"loc":{"start":{"line":40,"column":47},"end":{"line":45,"column":3}},"line":40},"7":{"name":"(anonymous_7)","decl":{"start":{"line":100,"column":18},"end":{"line":100,"column":19}},"loc":{"start":{"line":100,"column":35},"end":{"line":100,"column":89}},"line":100}},"branchMap":{"0":{"loc":{"start":{"line":6,"column":62},"end":{"line":6,"column":108}},"type":"cond-expr","locations":[{"start":{"line":6,"column":86},"end":{"line":6,"column":89}},{"start":{"line":6,"column":92},"end":{"line":6,"column":108}}],"line":6},"1":{"loc":{"start":{"line":6,"column":62},"end":{"line":6,"column":83}},"type":"binary-expr","locations":[{"start":{"line":6,"column":62},"end":{"line":6,"column":65}},{"start":{"line":6,"column":69},"end":{"line":6,"column":83}}],"line":6},"2":{"loc":{"start":{"line":24,"column":6},"end":{"line":26,"column":7}},"type":"if","locations":[{"start":{"line":24,"column":6},"end":{"line":26,"column":7}},{"start":{"line":24,"column":6},"end":{"line":26,"column":7}}],"line":24},"3":{"loc":{"start":{"line":34,"column":4},"end":{"line":38,"column":5}},"type":"if","locations":[{"start":{"line":34,"column":4},"end":{"line":38,"column":5}},{"start":{"line":34,"column":4},"end":{"line":38,"column":5}}],"line":34},"4":{"loc":{"start":{"line":34,"column":8},"end":{"line":34,"column":60}},"type":"binary-expr","locations":[{"start":{"line":34,"column":8},"end":{"line":34,"column":13}},{"start":{"line":34,"column":17},"end":{"line":34,"column":60}}],"line":34},"5":{"loc":{"start":{"line":41,"column":4},"end":{"line":43,"column":5}},"type":"if","locations":[{"start":{"line":41,"column":4},"end":{"line":43,"column":5}},{"start":{"line":41,"column":4},"end":{"line":43,"column":5}}],"line":41},"6":{"loc":{"start":{"line":41,"column":8},"end":{"line":41,"column":29}},"type":"binary-expr","locations":[{"start":{"line":41,"column":8},"end":{"line":41,"column":13}},{"start":{"line":41,"column":17},"end":{"line":41,"column":29}}],"line":41}},"s":{"0":0,"1":0,"2":0,"3":0,"4":0,"5":0,"6":0,"7":0,"8":0,"9":0,"10":0,"11":0,"12":0,"13":0,"14":0,"15":0,"16":0,"17":0,"18":0,"19":0,"20":0,"21":0,"22":0,"23":0,"24":0,"25":0,"26":0,"27":0,"28":0,"29":0,"30":0,"31":0,"32":0,"33":0,"34":0,"35":0,"36":0},"f":{"0":0,"1":0,"2":0,"3":0,"4":0,"5":0,"6":0,"7":0},"b":{"0":[0,0],"1":[0,0],"2":[0,0],"3":[0,0],"4":[0,0],"5":[0,0],"6":[0,0]}}
,"E:\\SANDI\\MWATER\\admin\\src\\view\\sms\\sms-account\\index.js": {"path":"E:\\SANDI\\MWATER\\admin\\src\\view\\sms\\sms-account\\index.js","statementMap":{},"fnMap":{},"branchMap":{},"s":{},"f":{},"b":{}}
,"E:\\SANDI\\MWATER\\admin\\src\\view\\sms\\sms-signature\\index.js": {"path":"E:\\SANDI\\MWATER\\admin\\src\\view\\sms\\sms-signature\\index.js","statementMap":{},"fnMap":{},"branchMap":{},"s":{},"f":{},"b":{}}
,"E:\\SANDI\\MWATER\\admin\\src\\view\\testapi\\index.js": {"path":"E:\\SANDI\\MWATER\\admin\\src\\view\\testapi\\index.js","statementMap":{"0":{"start":{"line":1,"column":13},"end":{"line":1,"column":75}},"1":{"start":{"line":1,"column":88},"end":{"line":1,"column":104}},"2":{"start":{"line":1,"column":119},"end":{"line":1,"column":149}},"3":{"start":{"line":2,"column":17},"end":{"line":2,"column":38}},"4":{"start":{"line":2,"column":57},"end":{"line":2,"column":91}},"5":{"start":{"line":3,"column":11},"end":{"line":3,"column":25}},"6":{"start":{"line":4,"column":12},"end":{"line":4,"column":27}},"7":{"start":{"line":5,"column":0},"end":{"line":5,"column":17}},"8":{"start":{"line":6,"column":13},"end":{"line":6,"column":36}},"9":{"start":{"line":6,"column":51},"end":{"line":6,"column":81}},"10":{"start":{"line":6,"column":120},"end":{"line":6,"column":174}},"11":{"start":{"line":8,"column":12},"end":{"line":30,"column":1}},"12":{"start":{"line":11,"column":15},"end":{"line":11,"column":27}},"13":{"start":{"line":11,"column":39},"end":{"line":11,"column":52}},"14":{"start":{"line":12,"column":17},"end":{"line":12,"column":37}},"15":{"start":{"line":15,"column":4},"end":{"line":15,"column":40}},"16":{"start":{"line":18,"column":2},"end":{"line":22,"column":164}},"17":{"start":{"line":32,"column":0},"end":{"line":34,"column":39}},"18":{"start":{"line":34,"column":39},"end":{"line":37,"column":123}},"19":{"start":{"line":37,"column":50},"end":{"line":37,"column":63}},"20":{"start":{"line":37,"column":64},"end":{"line":37,"column":92}}},"fnMap":{"0":{"name":"_interopRequireDefault","decl":{"start":{"line":6,"column":91},"end":{"line":6,"column":113}},"loc":{"start":{"line":6,"column":119},"end":{"line":6,"column":175}},"line":6},"1":{"name":"Login","decl":{"start":{"line":8,"column":21},"end":{"line":8,"column":26}},"loc":{"start":{"line":11,"column":0},"end":{"line":30,"column":1}},"line":11},"2":{"name":"handleOk","decl":{"start":{"line":14,"column":11},"end":{"line":14,"column":19}},"loc":{"start":{"line":14,"column":22},"end":{"line":16,"column":3}},"line":14},"3":{"name":"(anonymous_3)","decl":{"start":{"line":37,"column":18},"end":{"line":37,"column":19}},"loc":{"start":{"line":37,"column":35},"end":{"line":37,"column":93}},"line":37}},"branchMap":{"0":{"loc":{"start":{"line":6,"column":127},"end":{"line":6,"column":173}},"type":"cond-expr","locations":[{"start":{"line":6,"column":151},"end":{"line":6,"column":154}},{"start":{"line":6,"column":157},"end":{"line":6,"column":173}}],"line":6},"1":{"loc":{"start":{"line":6,"column":127},"end":{"line":6,"column":148}},"type":"binary-expr","locations":[{"start":{"line":6,"column":127},"end":{"line":6,"column":130}},{"start":{"line":6,"column":134},"end":{"line":6,"column":148}}],"line":6}},"s":{"0":0,"1":0,"2":0,"3":0,"4":0,"5":0,"6":0,"7":0,"8":0,"9":0,"10":0,"11":0,"12":0,"13":0,"14":0,"15":0,"16":0,"17":0,"18":0,"19":0,"20":0},"f":{"0":0,"1":0,"2":0,"3":0},"b":{"0":[0,0],"1":[0,0]}}
,"E:\\SANDI\\MWATER\\admin\\src\\view\\user\\detail\\index.js": {"path":"E:\\SANDI\\MWATER\\admin\\src\\view\\user\\detail\\index.js","statementMap":{"0":{"start":{"line":1,"column":13},"end":{"line":1,"column":75}},"1":{"start":{"line":1,"column":88},"end":{"line":1,"column":104}},"2":{"start":{"line":1,"column":119},"end":{"line":1,"column":149}},"3":{"start":{"line":2,"column":17},"end":{"line":2,"column":38}},"4":{"start":{"line":2,"column":57},"end":{"line":2,"column":91}},"5":{"start":{"line":3,"column":11},"end":{"line":3,"column":25}},"6":{"start":{"line":4,"column":13},"end":{"line":4,"column":36}},"7":{"start":{"line":4,"column":51},"end":{"line":4,"column":81}},"8":{"start":{"line":4,"column":120},"end":{"line":4,"column":174}},"9":{"start":{"line":6,"column":13},"end":{"line":22,"column":1}},"10":{"start":{"line":6,"column":53},"end":{"line":6,"column":68}},"11":{"start":{"line":7,"column":9},"end":{"line":7,"column":24}},"12":{"start":{"line":8,"column":16},"end":{"line":8,"column":18}},"13":{"start":{"line":9,"column":2},"end":{"line":16,"column":3}},"14":{"start":{"line":10,"column":4},"end":{"line":15,"column":5}},"15":{"start":{"line":11,"column":6},"end":{"line":13,"column":72}},"16":{"start":{"line":17,"column":2},"end":{"line":19,"column":16}},"17":{"start":{"line":24,"column":0},"end":{"line":25,"column":43}},"18":{"start":{"line":25,"column":43},"end":{"line":28,"column":175}},"19":{"start":{"line":28,"column":53},"end":{"line":28,"column":69}},"20":{"start":{"line":28,"column":80},"end":{"line":28,"column":93}},"21":{"start":{"line":28,"column":94},"end":{"line":28,"column":164}}},"fnMap":{"0":{"name":"_interopRequireDefault","decl":{"start":{"line":4,"column":91},"end":{"line":4,"column":113}},"loc":{"start":{"line":4,"column":119},"end":{"line":4,"column":175}},"line":4},"1":{"name":"Detail","decl":{"start":{"line":6,"column":22},"end":{"line":6,"column":28}},"loc":{"start":{"line":6,"column":35},"end":{"line":22,"column":1}},"line":6},"2":{"name":"(anonymous_2)","decl":{"start":{"line":28,"column":18},"end":{"line":28,"column":19}},"loc":{"start":{"line":28,"column":35},"end":{"line":28,"column":165}},"line":28}},"branchMap":{"0":{"loc":{"start":{"line":4,"column":127},"end":{"line":4,"column":173}},"type":"cond-expr","locations":[{"start":{"line":4,"column":151},"end":{"line":4,"column":154}},{"start":{"line":4,"column":157},"end":{"line":4,"column":173}}],"line":4},"1":{"loc":{"start":{"line":4,"column":127},"end":{"line":4,"column":148}},"type":"binary-expr","locations":[{"start":{"line":4,"column":127},"end":{"line":4,"column":130}},{"start":{"line":4,"column":134},"end":{"line":4,"column":148}}],"line":4},"2":{"loc":{"start":{"line":10,"column":4},"end":{"line":15,"column":5}},"type":"if","locations":[{"start":{"line":10,"column":4},"end":{"line":15,"column":5}},{"start":{"line":10,"column":4},"end":{"line":15,"column":5}}],"line":10}},"s":{"0":0,"1":0,"2":0,"3":0,"4":0,"5":0,"6":0,"7":0,"8":0,"9":0,"10":0,"11":0,"12":0,"13":0,"14":0,"15":0,"16":0,"17":0,"18":0,"19":0,"20":0,"21":0},"f":{"0":0,"1":0,"2":0},"b":{"0":[0,0],"1":[0,0],"2":[0,0]}}
}
