TN:
SF:E:\SANDI\MWATER\admin\src\router.js
FN:4,_interopRequireDefault
FN:6,registerModel
FN:7,(anonymous_2)
FN:12,Routers
FN:17,getIndexRoute
FN:18,(anonymous_5)
FN:26,getComponent
FN:27,(anonymous_7)
FN:34,getComponent
FN:35,(anonymous_9)
FN:42,getComponent
FN:43,(anonymous_11)
FN:50,getComponent
FN:51,(anonymous_13)
FN:58,getComponent
FN:59,(anonymous_15)
FN:66,getComponent
FN:67,(anonymous_17)
FN:73,getComponent
FN:74,(anonymous_19)
FN:80,getComponent
FN:81,(anonymous_21)
FN:87,getComponent
FN:88,(anonymous_23)
FN:94,getComponent
FN:95,(anonymous_25)
FN:101,getComponent
FN:102,(anonymous_27)
FN:108,getComponent
FN:109,(anonymous_29)
FN:115,getComponent
FN:116,(anonymous_31)
FN:123,getComponent
FN:124,(anonymous_33)
FN:131,getComponent
FN:132,(anonymous_35)
FN:139,getComponent
FN:140,(anonymous_37)
FN:146,getComponent
FN:147,(anonymous_39)
FN:153,getComponent
FN:154,(anonymous_41)
FN:160,getComponent
FN:161,(anonymous_43)
FN:167,getComponent
FN:168,(anonymous_45)
FN:174,getComponent
FN:175,(anonymous_47)
FN:181,getComponent
FN:182,(anonymous_49)
FN:188,getComponent
FN:189,(anonymous_51)
FN:195,getComponent
FN:196,(anonymous_53)
FN:202,getComponent
FN:203,(anonymous_55)
FN:209,getComponent
FN:210,(anonymous_57)
FN:217,getComponent
FN:218,(anonymous_59)
FNF:60
FNH:0
FNDA:0,_interopRequireDefault
FNDA:0,registerModel
FNDA:0,(anonymous_2)
FNDA:0,Routers
FNDA:0,getIndexRoute
FNDA:0,(anonymous_5)
FNDA:0,getComponent
FNDA:0,(anonymous_7)
FNDA:0,getComponent
FNDA:0,(anonymous_9)
FNDA:0,getComponent
FNDA:0,(anonymous_11)
FNDA:0,getComponent
FNDA:0,(anonymous_13)
FNDA:0,getComponent
FNDA:0,(anonymous_15)
FNDA:0,getComponent
FNDA:0,(anonymous_17)
FNDA:0,getComponent
FNDA:0,(anonymous_19)
FNDA:0,getComponent
FNDA:0,(anonymous_21)
FNDA:0,getComponent
FNDA:0,(anonymous_23)
FNDA:0,getComponent
FNDA:0,(anonymous_25)
FNDA:0,getComponent
FNDA:0,(anonymous_27)
FNDA:0,getComponent
FNDA:0,(anonymous_29)
FNDA:0,getComponent
FNDA:0,(anonymous_31)
FNDA:0,getComponent
FNDA:0,(anonymous_33)
FNDA:0,getComponent
FNDA:0,(anonymous_35)
FNDA:0,getComponent
FNDA:0,(anonymous_37)
FNDA:0,getComponent
FNDA:0,(anonymous_39)
FNDA:0,getComponent
FNDA:0,(anonymous_41)
FNDA:0,getComponent
FNDA:0,(anonymous_43)
FNDA:0,getComponent
FNDA:0,(anonymous_45)
FNDA:0,getComponent
FNDA:0,(anonymous_47)
FNDA:0,getComponent
FNDA:0,(anonymous_49)
FNDA:0,getComponent
FNDA:0,(anonymous_51)
FNDA:0,getComponent
FNDA:0,(anonymous_53)
FNDA:0,getComponent
FNDA:0,(anonymous_55)
FNDA:0,getComponent
FNDA:0,(anonymous_57)
FNDA:0,getComponent
FNDA:0,(anonymous_59)
DA:1,0
DA:2,0
DA:3,0
DA:4,0
DA:6,0
DA:7,0
DA:8,0
DA:12,0
DA:13,0
DA:18,0
DA:19,0
DA:20,0
DA:27,0
DA:28,0
DA:29,0
DA:35,0
DA:37,0
DA:43,0
DA:45,0
DA:51,0
DA:52,0
DA:53,0
DA:59,0
DA:60,0
DA:61,0
DA:67,0
DA:68,0
DA:74,0
DA:75,0
DA:81,0
DA:82,0
DA:88,0
DA:89,0
DA:95,0
DA:96,0
DA:102,0
DA:103,0
DA:109,0
DA:110,0
DA:116,0
DA:117,0
DA:118,0
DA:124,0
DA:125,0
DA:126,0
DA:132,0
DA:133,0
DA:134,0
DA:140,0
DA:141,0
DA:147,0
DA:148,0
DA:154,0
DA:155,0
DA:161,0
DA:162,0
DA:168,0
DA:169,0
DA:175,0
DA:176,0
DA:182,0
DA:183,0
DA:189,0
DA:190,0
DA:196,0
DA:197,0
DA:203,0
DA:204,0
DA:210,0
DA:211,0
DA:212,0
DA:218,0
DA:219,0
DA:227,0
DA:230,0
DA:232,0
LF:76
LH:0
BRDA:4,0,0,0
BRDA:4,0,1,0
BRDA:4,1,0,0
BRDA:4,1,1,0
BRDA:7,2,0,0
BRDA:7,2,1,0
BRF:6
BRH:0
end_of_record
TN:
SF:E:\SANDI\MWATER\admin\src\components\index.js
FN:10,_interopRequireWildcard
FN:10,_interopRequireDefault
FNF:2
FNH:0
FNDA:0,_interopRequireWildcard
FNDA:0,_interopRequireDefault
DA:1,0
DA:2,0
DA:3,0
DA:4,0
DA:5,0
DA:6,0
DA:7,0
DA:8,0
DA:10,0
DA:13,0
DA:14,0
DA:15,0
DA:16,0
DA:17,0
DA:18,0
DA:19,0
DA:20,0
LF:17
LH:0
BRDA:10,0,0,0
BRDA:10,0,1,0
BRDA:10,1,0,0
BRDA:10,1,1,0
BRDA:10,2,0,0
BRDA:10,2,1,0
BRDA:10,3,0,0
BRDA:10,3,1,0
BRDA:10,4,0,0
BRDA:10,4,1,0
BRDA:10,5,0,0
BRDA:10,5,1,0
BRF:12
BRH:0
end_of_record
TN:
SF:E:\SANDI\MWATER\admin\src\components\DataTable\AnimTableBody.js
FN:3,_interopRequireDefault
FN:17,onComplete
FN:43,AnimTableBody
FNF:3
FNH:0
FNDA:0,_interopRequireDefault
FNDA:0,onComplete
FNDA:0,AnimTableBody
DA:1,0
DA:2,0
DA:3,0
DA:5,0
DA:18,0
DA:31,0
DA:43,0
DA:44,0
DA:45,0
DA:48,0
DA:61,0
DA:64,0
LF:12
LH:0
BRDA:3,0,0,0
BRDA:3,0,1,0
BRDA:3,1,0,0
BRDA:3,1,1,0
BRDA:43,2,0,0
BRDA:43,2,1,0
BRDA:44,3,0,0
BRDA:44,3,1,0
BRF:8
BRH:0
end_of_record
TN:
SF:E:\SANDI\MWATER\admin\src\components\Editor\Editor.js
FN:1,(anonymous_0)
FN:4,_interopRequireDefault
FN:7,DraftEditor
FNF:3
FNH:0
FNDA:0,(anonymous_0)
FNDA:0,_interopRequireDefault
FNDA:0,DraftEditor
DA:1,0
DA:2,0
DA:3,0
DA:4,0
DA:7,0
DA:8,0
DA:9,0
LF:7
LH:0
BRDA:1,0,0,0
BRDA:1,0,1,0
BRDA:1,1,0,0
BRDA:1,1,1,0
BRDA:4,2,0,0
BRDA:4,2,1,0
BRDA:4,3,0,0
BRDA:4,3,1,0
BRF:8
BRH:0
end_of_record
TN:
SF:E:\SANDI\MWATER\admin\src\components\FilterItem\FilterItem.js
FN:3,_interopRequireDefault
FN:5,FilterItem
FN:14,(anonymous_2)
FNF:3
FNH:0
FNDA:0,_interopRequireDefault
FNDA:0,FilterItem
FNDA:0,(anonymous_2)
DA:1,0
DA:2,0
DA:3,0
DA:5,0
DA:8,0
DA:9,0
DA:10,0
DA:14,0
DA:24,0
DA:26,0
LF:10
LH:0
BRDA:3,0,0,0
BRDA:3,0,1,0
BRDA:3,1,0,0
BRDA:3,1,1,0
BRDA:8,2,0,0
BRDA:8,2,1,0
BRDA:12,3,0,0
BRDA:12,3,1,0
BRF:8
BRH:0
end_of_record
TN:
SF:E:\SANDI\MWATER\admin\src\components\Iconfont\Iconfont.js
FN:3,_interopRequireDefault
FN:5,Iconfont
FNF:2
FNH:0
FNDA:0,_interopRequireDefault
FNDA:0,Iconfont
DA:1,0
DA:2,0
DA:3,0
DA:5,0
DA:6,0
DA:7,0
DA:13,0
DA:16,0
DA:18,0
LF:9
LH:0
BRDA:3,0,0,0
BRDA:3,0,1,0
BRDA:3,1,0,0
BRDA:3,1,1,0
BRDA:6,2,0,0
BRDA:6,2,1,0
BRDA:9,3,0,0
BRDA:9,3,1,0
BRF:8
BRH:0
end_of_record
TN:
SF:E:\SANDI\MWATER\admin\src\components\Layout\Bread.js
FN:8,_interopRequireDefault
FN:10,Bread
FN:21,getPathArray
FN:43,(anonymous_3)
FNF:4
FNH:0
FNDA:0,_interopRequireDefault
FNDA:0,Bread
FNDA:0,getPathArray
FNDA:0,(anonymous_3)
DA:1,0
DA:2,0
DA:3,0
DA:4,0
DA:5,0
DA:6,0
DA:7,0
DA:8,0
DA:10,0
DA:12,0
DA:13,0
DA:14,0
DA:15,0
DA:16,0
DA:17,0
DA:21,0
DA:22,0
DA:23,0
DA:24,0
DA:28,0
DA:29,0
DA:34,0
DA:39,0
DA:43,0
DA:45,0
DA:49,0
DA:60,0
DA:69,0
DA:70,0
LF:29
LH:0
BRDA:8,0,0,0
BRDA:8,0,1,0
BRDA:8,1,0,0
BRDA:8,1,1,0
BRDA:15,2,0,0
BRDA:15,2,1,0
BRDA:15,3,0,0
BRDA:15,3,1,0
BRDA:23,4,0,0
BRDA:23,4,1,0
BRDA:28,5,0,0
BRDA:28,5,1,0
BRDA:29,6,0,0
BRDA:29,6,1,0
BRDA:45,7,0,0
BRDA:45,7,1,0
BRDA:51,8,0,0
BRDA:51,8,1,0
BRF:18
BRH:0
end_of_record
TN:
SF:E:\SANDI\MWATER\admin\src\components\Layout\Footer.js
FN:3,_interopRequireDefault
FN:5,Footer
FNF:2
FNH:0
FNDA:0,_interopRequireDefault
FNDA:0,Footer
DA:1,0
DA:2,0
DA:3,0
DA:5,0
DA:6,0
LF:5
LH:0
BRDA:3,0,0,0
BRDA:3,0,1,0
BRDA:3,1,0,0
BRDA:3,1,1,0
BRF:4
BRH:0
end_of_record
TN:
SF:E:\SANDI\MWATER\admin\src\components\Layout\Header.js
FN:6,_interopRequireDefault
FN:10,Header
FN:11,handleClickMenu
FNF:3
FNH:0
FNDA:0,_interopRequireDefault
FNDA:0,Header
FNDA:0,handleClickMenu
DA:1,0
DA:2,0
DA:3,0
DA:4,0
DA:5,0
DA:6,0
DA:8,0
DA:10,0
DA:11,0
DA:12,0
DA:22,0
DA:60,0
DA:71,0
LF:13
LH:0
BRDA:6,0,0,0
BRDA:6,0,1,0
BRDA:6,1,0,0
BRDA:6,1,1,0
BRDA:11,2,0,0
BRDA:11,2,1,0
BRDA:24,3,0,0
BRDA:24,3,1,0
BRF:8
BRH:0
end_of_record
TN:
SF:E:\SANDI\MWATER\admin\src\components\Layout\Menu.js
FN:1,(anonymous_0)
FN:7,_interopRequireDefault
FN:9,Menus
FN:11,(anonymous_3)
FN:15,getMenus
FN:16,(anonymous_5)
FN:46,getAncestorKeys
FN:48,getParent
FN:63,onOpenChange
FN:64,(anonymous_9)
FN:65,(anonymous_10)
FN:91,getPathArray
FN:93,getPath
FNF:13
FNH:0
FNDA:0,(anonymous_0)
FNDA:0,_interopRequireDefault
FNDA:0,Menus
FNDA:0,(anonymous_3)
FNDA:0,getMenus
FNDA:0,(anonymous_5)
FNDA:0,getAncestorKeys
FNDA:0,getParent
FNDA:0,onOpenChange
FNDA:0,(anonymous_9)
FNDA:0,(anonymous_10)
FNDA:0,getPathArray
FNDA:0,getPath
DA:1,0
DA:2,0
DA:3,0
DA:4,0
DA:5,0
DA:6,0
DA:7,0
DA:9,0
DA:11,0
DA:12,0
DA:15,0
DA:16,0
DA:17,0
DA:18,0
DA:19,0
DA:21,0
DA:33,0
DA:43,0
DA:46,0
DA:47,0
DA:48,0
DA:49,0
DA:50,0
DA:51,0
DA:53,0
DA:55,0
DA:56,0
DA:57,0
DA:60,0
DA:63,0
DA:64,0
DA:65,0
DA:66,0
DA:67,0
DA:68,0
DA:70,0
DA:71,0
DA:73,0
DA:76,0
DA:83,0
DA:84,0
DA:85,0
DA:86,0
DA:87,0
DA:88,0
DA:90,0
DA:91,0
DA:92,0
DA:93,0
DA:94,0
DA:95,0
DA:96,0
DA:99,0
DA:100,0
DA:102,0
DA:103,0
DA:106,0
DA:119,0
DA:125,0
LF:59
LH:0
BRDA:1,0,0,0
BRDA:1,0,1,0
BRDA:1,1,0,0
BRDA:1,1,1,0
BRDA:7,2,0,0
BRDA:7,2,1,0
BRDA:7,3,0,0
BRDA:7,3,1,0
BRDA:17,4,0,0
BRDA:17,4,1,0
BRDA:18,5,0,0
BRDA:18,5,1,0
BRDA:25,6,0,0
BRDA:25,6,1,0
BRDA:26,7,0,0
BRDA:26,7,1,0
BRDA:26,7,2,0
BRDA:36,8,0,0
BRDA:36,8,1,0
BRDA:37,9,0,0
BRDA:37,9,1,0
BRDA:37,9,2,0
BRDA:50,10,0,0
BRDA:50,10,1,0
BRDA:56,11,0,0
BRDA:56,11,1,0
BRDA:60,12,0,0
BRDA:60,12,1,0
BRDA:67,13,0,0
BRDA:67,13,1,0
BRDA:70,14,0,0
BRDA:70,14,1,0
BRDA:76,15,0,0
BRDA:76,15,1,0
BRDA:86,16,0,0
BRDA:86,16,1,0
BRDA:86,17,0,0
BRDA:86,17,1,0
BRDA:90,18,0,0
BRDA:90,18,1,0
BRDA:90,19,0,0
BRDA:90,19,1,0
BRDA:90,20,0,0
BRDA:90,20,1,0
BRDA:94,21,0,0
BRDA:94,21,1,0
BRDA:94,22,0,0
BRDA:94,22,1,0
BRDA:102,23,0,0
BRDA:102,23,1,0
BRDA:109,24,0,0
BRDA:109,24,1,0
BRDA:110,25,0,0
BRDA:110,25,1,0
BRF:54
BRH:0
end_of_record
TN:
SF:E:\SANDI\MWATER\admin\src\components\Layout\Sider.js
FN:6,_interopRequireDefault
FN:8,Sider
FNF:2
FNH:0
FNDA:0,_interopRequireDefault
FNDA:0,Sider
DA:1,0
DA:2,0
DA:3,0
DA:4,0
DA:5,0
DA:6,0
DA:8,0
DA:9,0
DA:17,0
DA:32,0
DA:39,0
LF:11
LH:0
BRDA:6,0,0,0
BRDA:6,0,1,0
BRDA:6,1,0,0
BRDA:6,1,1,0
BRDA:21,2,0,0
BRDA:21,2,1,0
BRDA:24,3,0,0
BRDA:24,3,1,0
BRF:8
BRH:0
end_of_record
TN:
SF:E:\SANDI\MWATER\admin\src\components\Layout\index.js
FN:6,_interopRequireDefault
FNF:1
FNH:0
FNDA:0,_interopRequireDefault
DA:1,0
DA:2,0
DA:3,0
DA:4,0
DA:5,0
DA:6,0
DA:8,0
LF:7
LH:0
BRDA:6,0,0,0
BRDA:6,0,1,0
BRDA:6,1,0,0
BRDA:6,1,1,0
BRF:4
BRH:0
end_of_record
TN:
SF:E:\SANDI\MWATER\admin\src\components\Loader\Loader.js
FN:4,_interopRequireDefault
FN:4,_defineProperty
FN:6,Loader
FNF:3
FNH:0
FNDA:0,_interopRequireDefault
FNDA:0,_defineProperty
FNDA:0,Loader
DA:1,0
DA:2,0
DA:3,0
DA:4,0
DA:6,0
DA:7,0
DA:16,0
DA:17,0
LF:8
LH:0
BRDA:4,0,0,0
BRDA:4,0,1,0
BRDA:4,1,0,0
BRDA:4,1,1,0
BRDA:4,2,0,0
BRDA:4,2,1,0
BRF:6
BRH:0
end_of_record
TN:
SF:E:\SANDI\MWATER\admin\src\gobal\index.js
FNF:0
FNH:0
DA:1,0
DA:2,0
DA:3,0
LF:3
LH:0
BRF:0
BRH:0
end_of_record
TN:
SF:E:\SANDI\MWATER\admin\src\gobal\iconfont\iconfont.js
FN:1,(anonymous_0)
FN:1,(anonymous_1)
FN:1,ready
FN:1,loadFn
FN:1,IEContentLoaded
FN:1,init
FN:1,polling
FN:1,(anonymous_7)
FN:1,before
FN:1,prepend
FN:1,appendSvg
FNF:11
FNH:0
FNDA:0,(anonymous_0)
FNDA:0,(anonymous_1)
FNDA:0,ready
FNDA:0,loadFn
FNDA:0,IEContentLoaded
FNDA:0,init
FNDA:0,polling
FNDA:0,(anonymous_7)
FNDA:0,before
FNDA:0,prepend
FNDA:0,appendSvg
DA:1,0
LF:1
LH:0
BRDA:1,0,0,0
BRDA:1,0,1,0
BRDA:1,1,0,0
BRDA:1,1,1,0
BRDA:1,2,0,0
BRDA:1,2,1,0
BRDA:1,3,0,0
BRDA:1,3,1,0
BRDA:1,4,0,0
BRDA:1,4,1,0
BRDA:1,5,0,0
BRDA:1,5,1,0
BRDA:1,6,0,0
BRDA:1,6,1,0
BRDA:1,7,0,0
BRDA:1,7,1,0
BRDA:1,8,0,0
BRDA:1,8,1,0
BRDA:1,9,0,0
BRDA:1,9,1,0
BRF:20
BRH:0
end_of_record
TN:
SF:E:\SANDI\MWATER\admin\src\mock\common.js
FN:4,queryArray
FN:33,id
FN:44,visibility
FN:50,image
FNF:4
FNH:0
FNDA:0,queryArray
FNDA:0,id
FNDA:0,visibility
FNDA:0,image
DA:1,0
DA:2,0
DA:4,0
DA:5,0
DA:6,0
DA:8,0
DA:10,0
DA:11,0
DA:12,0
DA:13,0
DA:15,0
DA:17,0
DA:18,0
DA:20,0
DA:23,0
DA:29,0
DA:30,0
DA:34,0
DA:35,0
DA:45,0
DA:51,0
DA:57,0
LF:22
LH:0
BRDA:4,0,0,0
BRDA:4,0,1,0
BRDA:4,1,0,0
BRDA:4,1,1,0
BRDA:5,2,0,0
BRDA:5,2,1,0
BRDA:11,3,0,0
BRDA:11,3,1,0
BRDA:15,4,0,0
BRDA:15,4,1,0
BRDA:15,5,0,0
BRDA:15,5,1,0
BRDA:15,6,0,0
BRDA:15,6,1,0
BRDA:17,7,0,0
BRDA:17,7,1,0
BRF:16
BRH:0
end_of_record
TN:
SF:E:\SANDI\MWATER\admin\src\mock\dashboard.js
FN:1,_defineProperty
FN:78,avatar
FN:81,date
FN:91,date
FN:129,undefined
FNF:5
FNH:0
FNDA:0,_defineProperty
FNDA:0,avatar
FNDA:0,date
FNDA:0,date
FNDA:0,undefined
DA:1,0
DA:3,0
DA:4,0
DA:6,0
DA:8,0
DA:79,0
DA:82,0
DA:92,0
DA:128,0
DA:130,0
LF:10
LH:0
BRDA:1,0,0,0
BRDA:1,0,1,0
BRF:2
BRH:0
end_of_record
TN:
SF:E:\SANDI\MWATER\admin\src\mock\menu.js
FN:1,_interopRequireDefault
FN:1,_defineProperty
FN:10,undefined
FNF:3
FNH:0
FNDA:0,_interopRequireDefault
FNDA:0,_defineProperty
FNDA:0,undefined
DA:1,0
DA:3,0
DA:5,0
DA:6,0
DA:8,0
DA:11,0
LF:6
LH:0
BRDA:1,0,0,0
BRDA:1,0,1,0
BRDA:1,1,0,0
BRDA:1,1,1,0
BRDA:1,2,0,0
BRDA:1,2,1,0
BRF:6
BRH:0
end_of_record
TN:
SF:E:\SANDI\MWATER\admin\src\models\dashboard.js
FN:5,_interopRequireWildcard
FN:5,_interopRequireDefault
FN:31,setup
FN:32,(anonymous_3)
FN:41,query
FN:43,query$
FN:50,queryWeather
FN:52,queryWeather$
FNF:8
FNH:0
FNDA:0,_interopRequireWildcard
FNDA:0,_interopRequireDefault
FNDA:0,setup
FNDA:0,(anonymous_3)
FNDA:0,query
FNDA:0,query$
FNDA:0,queryWeather
FNDA:0,queryWeather$
DA:1,0
DA:2,0
DA:3,0
DA:4,0
DA:5,0
DA:31,0
DA:32,0
DA:33,0
DA:34,0
DA:35,0
DA:42,0
DA:43,0
DA:44,0
DA:47,0
DA:50,0
DA:51,0
DA:52,0
DA:53,0
DA:54,0
DA:55,0
DA:56,0
DA:57,0
DA:58,0
DA:62,0
DA:67,0
LF:25
LH:0
BRDA:5,0,0,0
BRDA:5,0,1,0
BRDA:5,1,0,0
BRDA:5,1,1,0
BRDA:5,2,0,0
BRDA:5,2,1,0
BRDA:5,3,0,0
BRDA:5,3,1,0
BRDA:5,4,0,0
BRDA:5,4,1,0
BRDA:5,5,0,0
BRDA:5,5,1,0
BRDA:33,6,0,0
BRDA:33,6,1,0
BRDA:33,7,0,0
BRDA:33,7,1,0
BRDA:43,8,0,0
BRDA:43,8,1,0
BRDA:43,8,2,0
BRDA:43,8,3,0
BRDA:51,9,0,0
BRDA:51,9,1,0
BRDA:52,10,0,0
BRDA:52,10,1,0
BRDA:52,10,2,0
BRDA:52,10,3,0
BRDA:55,11,0,0
BRDA:55,11,1,0
BRF:28
BRH:0
end_of_record
TN:
SF:E:\SANDI\MWATER\admin\src\services\app.js
FN:22,login
FN:22,signoutApi
FN:22,query
FNF:3
FNH:0
FNDA:0,login
FNDA:0,signoutApi
FNDA:0,query
DA:1,0
DA:6,0
DA:14,0
DA:22,0
DA:23,0
LF:5
LH:0
BRF:0
BRH:0
end_of_record
TN:
SF:E:\SANDI\MWATER\admin\src\services\dashboard.js
FN:6,query
FNF:1
FNH:0
FNDA:0,query
DA:1,0
DA:6,0
DA:7,0
LF:3
LH:0
BRF:0
BRH:0
end_of_record
TN:
SF:E:\SANDI\MWATER\admin\src\services\login.js
FN:6,login
FNF:1
FNH:0
FNDA:0,login
DA:1,0
DA:6,0
DA:7,0
LF:3
LH:0
BRF:0
BRH:0
end_of_record
TN:
SF:E:\SANDI\MWATER\admin\src\services\logout.js
FN:6,logout
FNF:1
FNH:0
FNDA:0,logout
DA:1,0
DA:6,0
DA:7,0
LF:3
LH:0
BRF:0
BRH:0
end_of_record
TN:
SF:E:\SANDI\MWATER\admin\src\services\menus.js
FN:6,query
FNF:1
FNH:0
FNDA:0,query
DA:1,0
DA:6,0
DA:7,0
LF:3
LH:0
BRF:0
BRH:0
end_of_record
TN:
SF:E:\SANDI\MWATER\admin\src\services\posts.js
FN:6,query
FNF:1
FNH:0
FNDA:0,query
DA:1,0
DA:6,0
DA:7,0
LF:3
LH:0
BRF:0
BRH:0
end_of_record
TN:
SF:E:\SANDI\MWATER\admin\src\services\testapi.js
FN:14,testapi1
FN:14,mockapi1
FNF:2
FNH:0
FNDA:0,testapi1
FNDA:0,mockapi1
DA:1,0
DA:6,0
DA:14,0
DA:15,0
LF:4
LH:0
BRF:0
BRH:0
end_of_record
TN:
SF:E:\SANDI\MWATER\admin\src\services\user.js
FN:30,query
FN:30,create
FN:30,remove
FN:30,update
FNF:4
FNH:0
FNDA:0,query
FNDA:0,create
FNDA:0,remove
FNDA:0,update
DA:1,0
DA:6,0
DA:14,0
DA:22,0
DA:30,0
DA:31,0
LF:6
LH:0
BRF:0
BRH:0
end_of_record
TN:
SF:E:\SANDI\MWATER\admin\src\services\users.js
FN:14,query
FN:14,remove
FNF:2
FNH:0
FNDA:0,query
FNDA:0,remove
DA:1,0
DA:6,0
DA:14,0
DA:15,0
LF:4
LH:0
BRF:0
BRH:0
end_of_record
TN:
SF:E:\SANDI\MWATER\admin\src\services\weather.js
FN:5,query
FNF:1
FNH:0
FNDA:0,query
DA:1,0
DA:5,0
DA:6,0
DA:7,0
LF:4
LH:0
BRF:0
BRH:0
end_of_record
TN:
SF:E:\SANDI\MWATER\admin\src\tests\models\example-test.js
FNF:0
FNH:0
LF:0
LH:0
BRF:0
BRH:0
end_of_record
TN:
SF:E:\SANDI\MWATER\admin\src\view\app.js
FN:12,_interopRequireDefault
FN:12,_defineProperty
FN:19,App
FN:24,(anonymous_3)
FN:43,switchMenuPopover
FN:46,logout
FN:49,switchSider
FN:52,changeOpenKeys
FN:62,changeTheme
FN:65,changeOpenKeys
FN:116,(anonymous_10)
FNF:11
FNH:0
FNDA:0,_interopRequireDefault
FNDA:0,_defineProperty
FNDA:0,App
FNDA:0,(anonymous_3)
FNDA:0,switchMenuPopover
FNDA:0,logout
FNDA:0,switchSider
FNDA:0,changeOpenKeys
FNDA:0,changeTheme
FNDA:0,changeOpenKeys
FNDA:0,(anonymous_10)
DA:1,0
DA:2,0
DA:3,0
DA:4,0
DA:5,0
DA:6,0
DA:7,0
DA:8,0
DA:9,0
DA:10,0
DA:11,0
DA:12,0
DA:14,0
DA:16,0
DA:17,0
DA:19,0
DA:20,0
DA:21,0
DA:22,0
DA:23,0
DA:24,0
DA:25,0
DA:26,0
DA:28,0
DA:29,0
DA:30,0
DA:31,0
DA:32,0
DA:36,0
DA:44,0
DA:47,0
DA:50,0
DA:53,0
DA:57,0
DA:63,0
DA:66,0
DA:67,0
DA:71,0
DA:74,0
DA:75,0
DA:80,0
DA:108,0
DA:113,0
DA:116,0
LF:44
LH:0
BRDA:12,0,0,0
BRDA:12,0,1,0
BRDA:12,1,0,0
BRDA:12,1,1,0
BRDA:12,2,0,0
BRDA:12,2,1,0
BRDA:22,3,0,0
BRDA:22,3,1,0
BRDA:24,4,0,0
BRDA:24,4,1,0
BRDA:25,5,0,0
BRDA:25,5,1,0
BRDA:28,6,0,0
BRDA:28,6,1,0
BRDA:30,7,0,0
BRDA:30,7,1,0
BRDA:74,8,0,0
BRDA:74,8,1,0
BRDA:74,9,0,0
BRDA:74,9,1,0
BRDA:86,10,0,0
BRDA:86,10,1,0
BRDA:87,11,0,0
BRDA:87,11,1,0
BRDA:89,12,0,0
BRDA:89,12,1,0
BRDA:90,13,0,0
BRDA:90,13,1,0
BRDA:98,14,0,0
BRDA:98,14,1,0
BRF:30
BRH:0
end_of_record
TN:
SF:E:\SANDI\MWATER\admin\src\view\UIElement\dropOption\index.js
FN:3,_interopRequireDefault
FN:5,DropOptionPage
FN:22,onMenuClick
FN:42,rowKey
FNF:4
FNH:0
FNDA:0,_interopRequireDefault
FNDA:0,DropOptionPage
FNDA:0,onMenuClick
FNDA:0,rowKey
DA:1,0
DA:2,0
DA:3,0
DA:5,0
DA:22,0
DA:23,0
DA:25,0
DA:26,0
DA:28,0
DA:29,0
DA:31,0
DA:42,0
DA:87,0
LF:13
LH:0
BRDA:3,0,0,0
BRDA:3,0,1,0
BRDA:3,1,0,0
BRDA:3,1,1,0
BRDA:23,2,0,0
BRDA:23,2,1,0
BRDA:23,2,2,0
BRF:7
BRH:0
end_of_record
TN:
SF:E:\SANDI\MWATER\admin\src\view\UIElement\iconfont\emoji.js
FNF:0
FNH:0
DA:1,0
DA:2,0
DA:3,0
DA:4,0
DA:5,0
DA:6,0
DA:7,0
DA:8,0
LF:8
LH:0
BRF:0
BRH:0
end_of_record
TN:
SF:E:\SANDI\MWATER\admin\src\view\UIElement\iconfont\index.js
FN:5,_interopRequireDefault
FN:27,IcoPage
FN:31,(anonymous_2)
FN:38,(anonymous_3)
FN:45,(anonymous_4)
FN:52,(anonymous_5)
FN:61,rowKey
FNF:7
FNH:0
FNDA:0,_interopRequireDefault
FNDA:0,IcoPage
FNDA:0,(anonymous_2)
FNDA:0,(anonymous_3)
FNDA:0,(anonymous_4)
FNDA:0,(anonymous_5)
FNDA:0,rowKey
DA:1,0
DA:2,0
DA:3,0
DA:4,0
DA:5,0
DA:7,0
DA:10,0
DA:13,0
DA:15,0
DA:27,0
DA:31,0
DA:38,0
DA:45,0
DA:52,0
DA:61,0
DA:111,0
LF:16
LH:0
BRDA:5,0,0,0
BRDA:5,0,1,0
BRDA:5,1,0,0
BRDA:5,1,1,0
BRF:4
BRH:0
end_of_record
TN:
SF:E:\SANDI\MWATER\admin\src\view\UIElement\layer\index.js
FN:3,_interopRequireDefault
FN:9,IcoPage
FN:10,handleButtonClick
FN:35,rowKey
FNF:4
FNH:0
FNDA:0,_interopRequireDefault
FNDA:0,IcoPage
FNDA:0,handleButtonClick
FNDA:0,rowKey
DA:1,0
DA:2,0
DA:3,0
DA:5,0
DA:9,0
DA:10,0
DA:11,0
DA:12,0
DA:18,0
DA:35,0
DA:143,0
LF:11
LH:0
BRDA:3,0,0,0
BRDA:3,0,1,0
BRDA:3,1,0,0
BRDA:3,1,1,0
BRDA:11,2,0,0
BRDA:11,2,1,0
BRF:6
BRH:0
end_of_record
TN:
SF:E:\SANDI\MWATER\admin\src\view\UIElement\search\index.js
FN:3,_interopRequireDefault
FN:5,SearchPage
FN:39,rowKey
FNF:3
FNH:0
FNDA:0,_interopRequireDefault
FNDA:0,SearchPage
FNDA:0,rowKey
DA:1,0
DA:2,0
DA:3,0
DA:5,0
DA:39,0
DA:90,0
LF:6
LH:0
BRDA:3,0,0,0
BRDA:3,0,1,0
BRDA:3,1,0,0
BRDA:3,1,1,0
BRF:4
BRH:0
end_of_record
TN:
SF:E:\SANDI\MWATER\admin\src\view\chart\Container.js
FN:4,_interopRequireDefault
FN:6,Container
FNF:2
FNH:0
FNDA:0,_interopRequireDefault
FNDA:0,Container
DA:1,0
DA:2,0
DA:3,0
DA:4,0
DA:6,0
DA:15,0
DA:19,0
LF:7
LH:0
BRDA:4,0,0,0
BRDA:4,0,1,0
BRDA:4,1,0,0
BRDA:4,1,1,0
BRDA:6,2,0,0
BRDA:6,2,1,0
BRDA:6,3,0,0
BRDA:6,3,1,0
BRDA:6,4,0,0
BRDA:6,4,1,0
BRDA:7,5,0,0
BRDA:7,5,1,0
BRF:12
BRH:0
end_of_record
TN:
SF:E:\SANDI\MWATER\admin\src\view\chart\areaChart\index.js
FN:12,_interopRequireWildcard
FN:12,_interopRequireDefault
FN:136,SimpleAreaChart
FN:155,StackedAreaChart
FN:178,toPercent
FN:182,getPercent
FN:190,renderTooltipContent
FN:192,(anonymous_7)
FN:198,(anonymous_8)
FN:212,PercentAreaChart
FN:236,CardinalAreaChart
FN:256,EditorPage
FNF:12
FNH:0
FNDA:0,_interopRequireWildcard
FNDA:0,_interopRequireDefault
FNDA:0,SimpleAreaChart
FNDA:0,StackedAreaChart
FNDA:0,toPercent
FNDA:0,getPercent
FNDA:0,renderTooltipContent
FNDA:0,(anonymous_7)
FNDA:0,(anonymous_8)
FNDA:0,PercentAreaChart
FNDA:0,CardinalAreaChart
FNDA:0,EditorPage
DA:1,0
DA:2,0
DA:3,0
DA:4,0
DA:12,0
DA:14,0
DA:53,0
DA:92,0
DA:131,0
DA:136,0
DA:155,0
DA:178,0
DA:179,0
DA:182,0
DA:183,0
DA:187,0
DA:190,0
DA:191,0
DA:192,0
DA:194,0
DA:198,0
DA:212,0
DA:235,0
DA:236,0
DA:256,0
DA:286,0
LF:26
LH:0
BRDA:12,0,0,0
BRDA:12,0,1,0
BRDA:12,1,0,0
BRDA:12,1,1,0
BRDA:12,2,0,0
BRDA:12,2,1,0
BRDA:12,3,0,0
BRDA:12,3,1,0
BRDA:12,4,0,0
BRDA:12,4,1,0
BRDA:12,5,0,0
BRDA:12,5,1,0
BRDA:178,6,0,0
BRDA:178,6,1,0
BRDA:178,7,0,0
BRDA:178,7,1,0
BRDA:183,8,0,0
BRDA:183,8,1,0
BRF:18
BRH:0
end_of_record
TN:
SF:E:\SANDI\MWATER\admin\src\view\chart\barChart\index.js
FN:13,_interopRequireDefault
FN:97,SimpleBarChart
FN:118,StackedBarChart
FN:139,MixBarChart
FN:162,getPath
FN:169,TriangleBar
FN:182,CustomShapeBarChart
FN:200,EditorPage
FNF:8
FNH:0
FNDA:0,_interopRequireDefault
FNDA:0,SimpleBarChart
FNDA:0,StackedBarChart
FNDA:0,MixBarChart
FNDA:0,getPath
FNDA:0,TriangleBar
FNDA:0,CustomShapeBarChart
FNDA:0,EditorPage
DA:1,0
DA:2,0
DA:3,0
DA:4,0
DA:13,0
DA:15,0
DA:54,0
DA:92,0
DA:97,0
DA:118,0
DA:139,0
DA:162,0
DA:163,0
DA:169,0
DA:170,0
DA:171,0
DA:174,0
DA:182,0
DA:200,0
DA:230,0
LF:20
LH:0
BRDA:13,0,0,0
BRDA:13,0,1,0
BRDA:13,1,0,0
BRDA:13,1,1,0
BRF:4
BRH:0
end_of_record
TN:
SF:E:\SANDI\MWATER\admin\src\view\chart\lineChart\index.js
FN:13,_interopRequireDefault
FN:59,SimpleLineChart
FN:86,VerticalLineChart
FN:110,DashedLineChart
FN:134,CustomizedDot
FN:156,CustomizedDotLineChart
FN:179,EditorPage
FNF:7
FNH:0
FNDA:0,_interopRequireDefault
FNDA:0,SimpleLineChart
FNDA:0,VerticalLineChart
FNDA:0,DashedLineChart
FNDA:0,CustomizedDot
FNDA:0,CustomizedDotLineChart
FNDA:0,EditorPage
DA:1,0
DA:2,0
DA:3,0
DA:4,0
DA:13,0
DA:15,0
DA:54,0
DA:59,0
DA:86,0
DA:110,0
DA:134,0
DA:135,0
DA:136,0
DA:143,0
DA:150,0
DA:156,0
DA:179,0
DA:209,0
LF:18
LH:0
BRDA:13,0,0,0
BRDA:13,0,1,0
BRDA:13,1,0,0
BRDA:13,1,1,0
BRDA:135,2,0,0
BRDA:135,2,1,0
BRF:6
BRH:0
end_of_record
TN:
SF:E:\SANDI\MWATER\admin\src\view\component\base\service\service.js
FNF:0
FNH:0
LF:0
LH:0
BRF:0
BRH:0
end_of_record
TN:
SF:E:\SANDI\MWATER\admin\src\view\dashboard\components\browser.js
FN:5,_interopRequireDefault
FN:22,Browser
FN:32,render
FN:35,rowKey
FNF:4
FNH:0
FNDA:0,_interopRequireDefault
FNDA:0,Browser
FNDA:0,render
FNDA:0,rowKey
DA:1,0
DA:2,0
DA:3,0
DA:4,0
DA:5,0
DA:7,0
DA:22,0
DA:23,0
DA:32,0
DA:35,0
DA:38,0
DA:39,0
LF:12
LH:0
BRDA:5,0,0,0
BRDA:5,0,1,0
BRDA:5,1,0,0
BRDA:5,1,1,0
BRF:4
BRH:0
end_of_record
TN:
SF:E:\SANDI\MWATER\admin\src\view\dashboard\components\comments.js
FN:5,_interopRequireDefault
FN:22,Comments
FN:29,render
FN:33,render
FN:45,rowKey
FN:45,(anonymous_5)
FNF:6
FNH:0
FNDA:0,_interopRequireDefault
FNDA:0,Comments
FNDA:0,render
FNDA:0,render
FNDA:0,rowKey
FNDA:0,(anonymous_5)
DA:1,0
DA:2,0
DA:3,0
DA:4,0
DA:5,0
DA:7,0
DA:22,0
DA:23,0
DA:29,0
DA:33,0
DA:43,0
DA:45,0
DA:50,0
DA:51,0
LF:14
LH:0
BRDA:5,0,0,0
BRDA:5,0,1,0
BRDA:5,1,0,0
BRDA:5,1,1,0
BRF:4
BRH:0
end_of_record
TN:
SF:E:\SANDI\MWATER\admin\src\view\dashboard\components\completed.js
FN:6,_interopRequireDefault
FN:6,_defineProperty
FN:8,Completed
FN:15,content
FN:18,(anonymous_4)
FN:27,content
FN:28,(anonymous_6)
FNF:7
FNH:0
FNDA:0,_interopRequireDefault
FNDA:0,_defineProperty
FNDA:0,Completed
FNDA:0,content
FNDA:0,(anonymous_4)
FNDA:0,content
FNDA:0,(anonymous_6)
DA:1,0
DA:2,0
DA:3,0
DA:4,0
DA:5,0
DA:6,0
DA:8,0
DA:9,0
DA:16,0
DA:17,0
DA:18,0
DA:28,0
DA:29,0
DA:40,0
DA:41,0
LF:15
LH:0
BRDA:6,0,0,0
BRDA:6,0,1,0
BRDA:6,1,0,0
BRDA:6,1,1,0
BRDA:6,2,0,0
BRDA:6,2,1,0
BRF:6
BRH:0
end_of_record
TN:
SF:E:\SANDI\MWATER\admin\src\view\dashboard\components\cpu.js
FN:1,(anonymous_0)
FN:6,_interopRequireDefault
FN:16,Cpu
FNF:3
FNH:0
FNDA:0,(anonymous_0)
FNDA:0,_interopRequireDefault
FNDA:0,Cpu
DA:1,0
DA:2,0
DA:3,0
DA:4,0
DA:5,0
DA:6,0
DA:8,0
DA:16,0
DA:17,0
DA:55,0
DA:59,0
LF:11
LH:0
BRDA:1,0,0,0
BRDA:1,0,1,0
BRDA:1,1,0,0
BRDA:1,1,1,0
BRDA:6,2,0,0
BRDA:6,2,1,0
BRDA:6,3,0,0
BRDA:6,3,1,0
BRF:8
BRH:0
end_of_record
TN:
SF:E:\SANDI\MWATER\admin\src\view\dashboard\components\index.js
FN:10,_interopRequireDefault
FNF:1
FNH:0
FNDA:0,_interopRequireDefault
DA:1,0
DA:2,0
DA:3,0
DA:4,0
DA:5,0
DA:6,0
DA:7,0
DA:8,0
DA:9,0
DA:10,0
DA:12,0
LF:11
LH:0
BRDA:10,0,0,0
BRDA:10,0,1,0
BRDA:10,1,0,0
BRDA:10,1,1,0
BRF:4
BRH:0
end_of_record
TN:
SF:E:\SANDI\MWATER\admin\src\view\dashboard\components\numberCard.js
FN:1,(anonymous_0)
FN:5,_interopRequireDefault
FN:7,NumberCard
FNF:3
FNH:0
FNDA:0,(anonymous_0)
FNDA:0,_interopRequireDefault
FNDA:0,NumberCard
DA:1,0
DA:2,0
DA:3,0
DA:4,0
DA:5,0
DA:7,0
DA:8,0
DA:29,0
DA:34,0
LF:9
LH:0
BRDA:1,0,0,0
BRDA:1,0,1,0
BRDA:1,1,0,0
BRDA:1,1,1,0
BRDA:5,2,0,0
BRDA:5,2,1,0
BRDA:5,3,0,0
BRDA:5,3,1,0
BRDA:12,4,0,0
BRDA:12,4,1,0
BRDA:21,5,0,0
BRDA:21,5,1,0
BRF:12
BRH:0
end_of_record
TN:
SF:E:\SANDI\MWATER\admin\src\view\dashboard\components\quote.js
FN:3,_interopRequireDefault
FN:5,Quote
FNF:2
FNH:0
FNDA:0,_interopRequireDefault
FNDA:0,Quote
DA:1,0
DA:2,0
DA:3,0
DA:5,0
DA:6,0
DA:22,0
DA:26,0
LF:7
LH:0
BRDA:3,0,0,0
BRDA:3,0,1,0
BRDA:3,1,0,0
BRDA:3,1,1,0
BRF:4
BRH:0
end_of_record
TN:
SF:E:\SANDI\MWATER\admin\src\view\dashboard\components\recentSales.js
FN:5,_interopRequireDefault
FN:26,RecentSales
FN:34,render
FN:38,render
FN:42,render
FN:47,rowKey
FN:47,(anonymous_6)
FNF:7
FNH:0
FNDA:0,_interopRequireDefault
FNDA:0,RecentSales
FNDA:0,render
FNDA:0,render
FNDA:0,render
FNDA:0,rowKey
FNDA:0,(anonymous_6)
DA:1,0
DA:2,0
DA:3,0
DA:4,0
DA:5,0
DA:7,0
DA:26,0
DA:27,0
DA:34,0
DA:38,0
DA:42,0
DA:45,0
DA:47,0
DA:52,0
DA:53,0
LF:15
LH:0
BRDA:5,0,0,0
BRDA:5,0,1,0
BRDA:5,1,0,0
BRDA:5,1,1,0
BRF:4
BRH:0
end_of_record
TN:
SF:E:\SANDI\MWATER\admin\src\view\dashboard\components\sales.js
FN:6,_interopRequireDefault
FN:6,_defineProperty
FN:8,Sales
FN:15,content
FN:18,(anonymous_4)
FN:27,content
FN:28,(anonymous_6)
FNF:7
FNH:0
FNDA:0,_interopRequireDefault
FNDA:0,_defineProperty
FNDA:0,Sales
FNDA:0,content
FNDA:0,(anonymous_4)
FNDA:0,content
FNDA:0,(anonymous_6)
DA:1,0
DA:2,0
DA:3,0
DA:4,0
DA:5,0
DA:6,0
DA:8,0
DA:9,0
DA:16,0
DA:17,0
DA:18,0
DA:28,0
DA:29,0
DA:41,0
DA:42,0
LF:15
LH:0
BRDA:6,0,0,0
BRDA:6,0,1,0
BRDA:6,1,0,0
BRDA:6,1,1,0
BRDA:6,2,0,0
BRDA:6,2,1,0
BRF:6
BRH:0
end_of_record
TN:
SF:E:\SANDI\MWATER\admin\src\view\dashboard\components\user.js
FN:1,(anonymous_0)
FN:6,_interopRequireDefault
FN:16,User
FNF:3
FNH:0
FNDA:0,(anonymous_0)
FNDA:0,_interopRequireDefault
FNDA:0,User
DA:1,0
DA:2,0
DA:3,0
DA:4,0
DA:5,0
DA:6,0
DA:8,0
DA:16,0
DA:17,0
DA:48,0
DA:53,0
LF:11
LH:0
BRDA:1,0,0,0
BRDA:1,0,1,0
BRDA:1,1,0,0
BRDA:1,1,1,0
BRDA:6,2,0,0
BRDA:6,2,1,0
BRDA:6,3,0,0
BRDA:6,3,1,0
BRF:8
BRH:0
end_of_record
TN:
SF:E:\SANDI\MWATER\admin\src\view\dashboard\components\weather.js
FN:4,_interopRequireDefault
FN:6,Weather
FNF:2
FNH:0
FNDA:0,_interopRequireDefault
FNDA:0,Weather
DA:1,0
DA:2,0
DA:3,0
DA:4,0
DA:6,0
DA:7,0
DA:26,0
DA:32,0
LF:8
LH:0
BRDA:4,0,0,0
BRDA:4,0,1,0
BRDA:4,1,0,0
BRDA:4,1,1,0
BRF:4
BRH:0
end_of_record
TN:
SF:E:\SANDI\MWATER\admin\src\view\error\index.js
FN:3,_interopRequireDefault
FN:5,Error
FNF:2
FNH:0
FNDA:0,_interopRequireDefault
FNDA:0,Error
DA:1,0
DA:2,0
DA:3,0
DA:5,0
DA:7,0
LF:5
LH:0
BRDA:3,0,0,0
BRDA:3,0,1,0
BRDA:3,1,0,0
BRDA:3,1,1,0
BRF:4
BRH:0
end_of_record
TN:
SF:E:\SANDI\MWATER\admin\src\view\jestTest\index.js
FN:1,checkUsername
FNF:1
FNH:0
FNDA:0,checkUsername
DA:1,0
DA:2,0
DA:3,0
DA:5,0
LF:4
LH:0
BRDA:2,0,0,0
BRDA:2,0,1,0
BRDA:2,1,0,0
BRDA:2,1,1,0
BRF:4
BRH:0
end_of_record
TN:
SF:E:\SANDI\MWATER\admin\src\view\login\index.js
FN:6,_interopRequireDefault
FN:10,Login
FN:20,handleOk
FN:21,(anonymous_3)
FN:28,gotoLogout
FN:86,(anonymous_5)
FNF:6
FNH:0
FNDA:0,_interopRequireDefault
FNDA:0,Login
FNDA:0,handleOk
FNDA:0,(anonymous_3)
FNDA:0,gotoLogout
FNDA:0,(anonymous_5)
DA:1,0
DA:2,0
DA:3,0
DA:4,0
DA:5,0
DA:6,0
DA:8,0
DA:10,0
DA:17,0
DA:18,0
DA:21,0
DA:22,0
DA:23,0
DA:25,0
DA:29,0
DA:31,0
DA:80,0
DA:83,0
DA:86,0
LF:19
LH:0
BRDA:6,0,0,0
BRDA:6,0,1,0
BRDA:6,1,0,0
BRDA:6,1,1,0
BRDA:22,2,0,0
BRDA:22,2,1,0
BRF:6
BRH:0
end_of_record
TN:
SF:E:\SANDI\MWATER\admin\src\view\logout\index.js
FN:6,_interopRequireDefault
FN:10,Logout
FN:22,handleOk
FN:23,(anonymous_3)
FN:30,gotoLogin
FN:33,checkPassword
FN:40,checkConfirm
FN:100,(anonymous_7)
FNF:8
FNH:0
FNDA:0,_interopRequireDefault
FNDA:0,Logout
FNDA:0,handleOk
FNDA:0,(anonymous_3)
FNDA:0,gotoLogin
FNDA:0,checkPassword
FNDA:0,checkConfirm
FNDA:0,(anonymous_7)
DA:1,0
DA:2,0
DA:3,0
DA:4,0
DA:5,0
DA:6,0
DA:8,0
DA:10,0
DA:19,0
DA:20,0
DA:23,0
DA:24,0
DA:25,0
DA:27,0
DA:31,0
DA:34,0
DA:35,0
DA:37,0
DA:41,0
DA:42,0
DA:44,0
DA:46,0
DA:94,0
DA:97,0
DA:100,0
LF:25
LH:0
BRDA:6,0,0,0
BRDA:6,0,1,0
BRDA:6,1,0,0
BRDA:6,1,1,0
BRDA:24,2,0,0
BRDA:24,2,1,0
BRDA:34,3,0,0
BRDA:34,3,1,0
BRDA:34,4,0,0
BRDA:34,4,1,0
BRDA:41,5,0,0
BRDA:41,5,1,0
BRDA:41,6,0,0
BRDA:41,6,1,0
BRF:14
BRH:0
end_of_record
TN:
SF:E:\SANDI\MWATER\admin\src\view\sms\sms-account\index.js
FNF:0
FNH:0
LF:0
LH:0
BRF:0
BRH:0
end_of_record
TN:
SF:E:\SANDI\MWATER\admin\src\view\sms\sms-signature\index.js
FNF:0
FNH:0
LF:0
LH:0
BRF:0
BRH:0
end_of_record
TN:
SF:E:\SANDI\MWATER\admin\src\view\testapi\index.js
FN:6,_interopRequireDefault
FN:8,Login
FN:14,handleOk
FN:37,(anonymous_3)
FNF:4
FNH:0
FNDA:0,_interopRequireDefault
FNDA:0,Login
FNDA:0,handleOk
FNDA:0,(anonymous_3)
DA:1,0
DA:2,0
DA:3,0
DA:4,0
DA:5,0
DA:6,0
DA:8,0
DA:11,0
DA:12,0
DA:15,0
DA:18,0
DA:32,0
DA:34,0
DA:37,0
LF:14
LH:0
BRDA:6,0,0,0
BRDA:6,0,1,0
BRDA:6,1,0,0
BRDA:6,1,1,0
BRF:4
BRH:0
end_of_record
TN:
SF:E:\SANDI\MWATER\admin\src\view\user\detail\index.js
FN:4,_interopRequireDefault
FN:6,Detail
FN:28,(anonymous_2)
FNF:3
FNH:0
FNDA:0,_interopRequireDefault
FNDA:0,Detail
FNDA:0,(anonymous_2)
DA:1,0
DA:2,0
DA:3,0
DA:4,0
DA:6,0
DA:7,0
DA:8,0
DA:9,0
DA:10,0
DA:11,0
DA:17,0
DA:24,0
DA:25,0
DA:28,0
LF:14
LH:0
BRDA:4,0,0,0
BRDA:4,0,1,0
BRDA:4,1,0,0
BRDA:4,1,1,0
BRDA:10,2,0,0
BRDA:10,2,1,0
BRF:6
BRH:0
end_of_record
